2025-01-01 15:46:30 [main] INFO  c.example.gateway.GatewayApplication - Starting GatewayApplication v0.0.1-SNAPSHOT using Java 17-ea with PID 1 (/app/app.jar started by root in /app)
2025-01-01 15:46:30 [main] INFO  c.example.gateway.GatewayApplication - No active profile set, falling back to 1 default profile: "default"
2025-01-01 15:46:36 [main] INFO  o.s.d.r.c.RepositoryConfigurationDelegate - Multiple Spring Data modules found, entering strict repository configuration mode
2025-01-01 15:46:36 [main] INFO  o.s.d.r.c.RepositoryConfigurationDelegate - Bootstrapping Spring Data Redis repositories in DEFAULT mode.
2025-01-01 15:46:36 [main] INFO  o.s.d.r.c.RepositoryConfigurationDelegate - Finished Spring Data repository scanning in 69 ms. Found 0 Redis repository interfaces.
2025-01-01 15:46:38 [main] INFO  o.s.b.w.e.tomcat.TomcatWebServer - Tomcat initialized with port 8080 (http)
2025-01-01 15:46:38 [main] INFO  o.a.coyote.http11.Http11NioProtocol - Initializing ProtocolHandler ["http-nio-8080"]
2025-01-01 15:46:38 [main] INFO  o.a.catalina.core.StandardService - Starting service [Tomcat]
2025-01-01 15:46:38 [main] INFO  o.a.catalina.core.StandardEngine - Starting Servlet engine: [Apache Tomcat/10.1.34]
2025-01-01 15:46:38 [main] INFO  o.a.c.c.C.[Tomcat].[localhost].[/] - Initializing Spring embedded WebApplicationContext
2025-01-01 15:46:38 [main] INFO  o.s.b.w.s.c.ServletWebServerApplicationContext - Root WebApplicationContext: initialization completed in 7701 ms
2025-01-01 15:46:46 [main] INFO  o.s.b.a.e.web.EndpointLinksResolver - Exposing 3 endpoints beneath base path '/actuator'
2025-01-01 15:46:47 [main] INFO  o.a.coyote.http11.Http11NioProtocol - Starting ProtocolHandler ["http-nio-8080"]
2025-01-01 15:46:47 [main] INFO  o.s.b.w.e.tomcat.TomcatWebServer - Tomcat started on port 8080 (http) with context path '/'
2025-01-01 15:46:47 [main] INFO  c.example.gateway.GatewayApplication - Started GatewayApplication in 18.795 seconds (process running for 22.997)
2025-01-01 15:46:51 [http-nio-8080-exec-2] INFO  o.a.c.c.C.[Tomcat].[localhost].[/] - Initializing Spring DispatcherServlet 'dispatcherServlet'
2025-01-01 15:46:51 [http-nio-8080-exec-2] INFO  o.s.web.servlet.DispatcherServlet - Initializing Servlet 'dispatcherServlet'
2025-01-01 15:46:51 [http-nio-8080-exec-2] INFO  o.s.web.servlet.DispatcherServlet - Completed initialization in 2 ms
2025-01-01 15:47:41 [http-nio-8080-exec-6] INFO  c.e.gateway.rest.BookController - GET request for getting all books
2025-01-01 15:48:24 [http-nio-8080-exec-8] INFO  c.e.gateway.rest.BookController - GET request for getting all books
2025-01-01 15:48:25 [http-nio-8080-exec-2] INFO  c.e.gateway.rest.BookController - GET request for getting all books
2025-01-01 15:48:26 [http-nio-8080-exec-3] INFO  c.e.gateway.rest.BookController - GET request for getting all books
2025-01-01 16:00:39 [SpringApplicationShutdownHook] INFO  o.s.b.w.e.tomcat.GracefulShutdown - Commencing graceful shutdown. Waiting for active requests to complete
2025-01-01 16:00:39 [tomcat-shutdown] INFO  o.s.b.w.e.tomcat.GracefulShutdown - Graceful shutdown complete
2025-01-01 16:03:30 [main] INFO  c.example.gateway.GatewayApplication - Starting GatewayApplication v0.0.1-SNAPSHOT using Java 17-ea with PID 1 (/app/app.jar started by root in /app)
2025-01-01 16:03:30 [main] INFO  c.example.gateway.GatewayApplication - No active profile set, falling back to 1 default profile: "default"
2025-01-01 16:03:36 [main] INFO  o.s.d.r.c.RepositoryConfigurationDelegate - Multiple Spring Data modules found, entering strict repository configuration mode
2025-01-01 16:03:36 [main] INFO  o.s.d.r.c.RepositoryConfigurationDelegate - Bootstrapping Spring Data Redis repositories in DEFAULT mode.
2025-01-01 16:03:37 [main] INFO  o.s.d.r.c.RepositoryConfigurationDelegate - Finished Spring Data repository scanning in 113 ms. Found 0 Redis repository interfaces.
2025-01-01 16:03:40 [main] INFO  o.s.b.w.e.tomcat.TomcatWebServer - Tomcat initialized with port 8080 (http)
2025-01-01 16:03:40 [main] INFO  o.a.coyote.http11.Http11NioProtocol - Initializing ProtocolHandler ["http-nio-8080"]
2025-01-01 16:03:40 [main] INFO  o.a.catalina.core.StandardService - Starting service [Tomcat]
2025-01-01 16:03:40 [main] INFO  o.a.catalina.core.StandardEngine - Starting Servlet engine: [Apache Tomcat/10.1.34]
2025-01-01 16:03:40 [main] INFO  o.a.c.c.C.[Tomcat].[localhost].[/] - Initializing Spring embedded WebApplicationContext
2025-01-01 16:03:40 [main] INFO  o.s.b.w.s.c.ServletWebServerApplicationContext - Root WebApplicationContext: initialization completed in 9074 ms
2025-01-01 16:03:49 [main] INFO  o.s.b.a.e.web.EndpointLinksResolver - Exposing 3 endpoints beneath base path '/actuator'
2025-01-01 16:03:49 [main] INFO  o.a.coyote.http11.Http11NioProtocol - Starting ProtocolHandler ["http-nio-8080"]
2025-01-01 16:03:49 [main] INFO  o.s.b.w.e.tomcat.TomcatWebServer - Tomcat started on port 8080 (http) with context path '/'
2025-01-01 16:03:49 [main] INFO  c.example.gateway.GatewayApplication - Started GatewayApplication in 21.61 seconds (process running for 26.466)
2025-01-01 16:03:50 [http-nio-8080-exec-1] INFO  o.a.c.c.C.[Tomcat].[localhost].[/] - Initializing Spring DispatcherServlet 'dispatcherServlet'
2025-01-01 16:03:50 [http-nio-8080-exec-1] INFO  o.s.web.servlet.DispatcherServlet - Initializing Servlet 'dispatcherServlet'
2025-01-01 16:03:50 [http-nio-8080-exec-1] INFO  o.s.web.servlet.DispatcherServlet - Completed initialization in 5 ms
2025-01-01 16:03:50 [http-nio-8080-exec-1] INFO  c.e.gateway.rest.BookController - GET request for getting all books
2025-01-01 16:20:04 [SpringApplicationShutdownHook] INFO  o.s.b.w.e.tomcat.GracefulShutdown - Commencing graceful shutdown. Waiting for active requests to complete
2025-01-01 16:20:04 [tomcat-shutdown] INFO  o.s.b.w.e.tomcat.GracefulShutdown - Graceful shutdown complete
2025-01-01 16:24:12 [main] INFO  c.example.gateway.GatewayApplication - Starting GatewayApplication v0.0.1-SNAPSHOT using Java 17-ea with PID 1 (/app/app.jar started by root in /app)
2025-01-01 16:24:12 [main] INFO  c.example.gateway.GatewayApplication - No active profile set, falling back to 1 default profile: "default"
2025-01-01 16:24:19 [main] INFO  o.s.d.r.c.RepositoryConfigurationDelegate - Multiple Spring Data modules found, entering strict repository configuration mode
2025-01-01 16:24:19 [main] INFO  o.s.d.r.c.RepositoryConfigurationDelegate - Bootstrapping Spring Data Redis repositories in DEFAULT mode.
2025-01-01 16:24:19 [main] INFO  o.s.d.r.c.RepositoryConfigurationDelegate - Finished Spring Data repository scanning in 97 ms. Found 0 Redis repository interfaces.
2025-01-01 16:24:22 [main] INFO  o.s.b.w.e.tomcat.TomcatWebServer - Tomcat initialized with port 8080 (http)
2025-01-01 16:24:22 [main] INFO  o.a.coyote.http11.Http11NioProtocol - Initializing ProtocolHandler ["http-nio-8080"]
2025-01-01 16:24:22 [main] INFO  o.a.catalina.core.StandardService - Starting service [Tomcat]
2025-01-01 16:24:22 [main] INFO  o.a.catalina.core.StandardEngine - Starting Servlet engine: [Apache Tomcat/10.1.34]
2025-01-01 16:24:22 [main] INFO  o.a.c.c.C.[Tomcat].[localhost].[/] - Initializing Spring embedded WebApplicationContext
2025-01-01 16:24:22 [main] INFO  o.s.b.w.s.c.ServletWebServerApplicationContext - Root WebApplicationContext: initialization completed in 9647 ms
2025-01-01 16:24:33 [main] INFO  o.s.b.a.e.web.EndpointLinksResolver - Exposing 3 endpoints beneath base path '/actuator'
2025-01-01 16:24:33 [main] INFO  o.a.coyote.http11.Http11NioProtocol - Starting ProtocolHandler ["http-nio-8080"]
2025-01-01 16:24:34 [main] INFO  o.s.b.w.e.tomcat.TomcatWebServer - Tomcat started on port 8080 (http) with context path '/'
2025-01-01 16:24:34 [main] INFO  c.example.gateway.GatewayApplication - Started GatewayApplication in 24.387 seconds (process running for 27.639)
2025-01-01 16:24:39 [http-nio-8080-exec-1] INFO  o.a.c.c.C.[Tomcat].[localhost].[/] - Initializing Spring DispatcherServlet 'dispatcherServlet'
2025-01-01 16:24:39 [http-nio-8080-exec-1] INFO  o.s.web.servlet.DispatcherServlet - Initializing Servlet 'dispatcherServlet'
2025-01-01 16:24:39 [http-nio-8080-exec-1] INFO  o.s.web.servlet.DispatcherServlet - Completed initialization in 3 ms
2025-01-01 16:28:53 [http-nio-8080-exec-4] INFO  c.e.gateway.rest.BookController - GET request for getting all books
2025-01-01 16:37:50 [SpringApplicationShutdownHook] INFO  o.s.b.w.e.tomcat.GracefulShutdown - Commencing graceful shutdown. Waiting for active requests to complete
2025-01-01 16:37:50 [tomcat-shutdown] INFO  o.s.b.w.e.tomcat.GracefulShutdown - Graceful shutdown complete
2025-01-01 16:44:09 [main] INFO  c.example.gateway.GatewayApplication - Starting GatewayApplication v0.0.1-SNAPSHOT using Java 17-ea with PID 1 (/app/app.jar started by root in /app)
2025-01-01 16:44:09 [main] INFO  c.example.gateway.GatewayApplication - No active profile set, falling back to 1 default profile: "default"
2025-01-01 16:44:17 [main] INFO  o.s.d.r.c.RepositoryConfigurationDelegate - Multiple Spring Data modules found, entering strict repository configuration mode
2025-01-01 16:44:17 [main] INFO  o.s.d.r.c.RepositoryConfigurationDelegate - Bootstrapping Spring Data Redis repositories in DEFAULT mode.
2025-01-01 16:44:17 [main] INFO  o.s.d.r.c.RepositoryConfigurationDelegate - Finished Spring Data repository scanning in 69 ms. Found 0 Redis repository interfaces.
2025-01-01 16:44:20 [main] INFO  o.s.b.w.e.tomcat.TomcatWebServer - Tomcat initialized with port 8080 (http)
2025-01-01 16:44:20 [main] INFO  o.a.coyote.http11.Http11NioProtocol - Initializing ProtocolHandler ["http-nio-8080"]
2025-01-01 16:44:20 [main] INFO  o.a.catalina.core.StandardService - Starting service [Tomcat]
2025-01-01 16:44:20 [main] INFO  o.a.catalina.core.StandardEngine - Starting Servlet engine: [Apache Tomcat/10.1.34]
2025-01-01 16:44:20 [main] INFO  o.a.c.c.C.[Tomcat].[localhost].[/] - Initializing Spring embedded WebApplicationContext
2025-01-01 16:44:20 [main] INFO  o.s.b.w.s.c.ServletWebServerApplicationContext - Root WebApplicationContext: initialization completed in 10893 ms
2025-01-01 16:44:32 [main] INFO  o.s.b.a.e.web.EndpointLinksResolver - Exposing 3 endpoints beneath base path '/actuator'
2025-01-01 16:44:32 [main] INFO  o.a.coyote.http11.Http11NioProtocol - Starting ProtocolHandler ["http-nio-8080"]
2025-01-01 16:44:32 [main] INFO  o.s.b.w.e.tomcat.TomcatWebServer - Tomcat started on port 8080 (http) with context path '/'
2025-01-01 16:44:32 [main] INFO  c.example.gateway.GatewayApplication - Started GatewayApplication in 26.032 seconds (process running for 30.606)
2025-01-01 16:44:36 [http-nio-8080-exec-1] INFO  o.a.c.c.C.[Tomcat].[localhost].[/] - Initializing Spring DispatcherServlet 'dispatcherServlet'
2025-01-01 16:44:36 [http-nio-8080-exec-1] INFO  o.s.web.servlet.DispatcherServlet - Initializing Servlet 'dispatcherServlet'
2025-01-01 16:44:36 [http-nio-8080-exec-1] INFO  o.s.web.servlet.DispatcherServlet - Completed initialization in 3 ms
2025-01-01 16:48:42 [SpringApplicationShutdownHook] INFO  o.s.b.w.e.tomcat.GracefulShutdown - Commencing graceful shutdown. Waiting for active requests to complete
2025-01-01 16:48:42 [tomcat-shutdown] INFO  o.s.b.w.e.tomcat.GracefulShutdown - Graceful shutdown complete
2025-01-01 16:50:15 [main] INFO  c.example.gateway.GatewayApplication - Starting GatewayApplication v0.0.1-SNAPSHOT using Java 17-ea with PID 1 (/app/app.jar started by root in /app)
2025-01-01 16:50:15 [main] INFO  c.example.gateway.GatewayApplication - No active profile set, falling back to 1 default profile: "default"
2025-01-01 16:50:21 [main] INFO  o.s.d.r.c.RepositoryConfigurationDelegate - Multiple Spring Data modules found, entering strict repository configuration mode
2025-01-01 16:50:21 [main] INFO  o.s.d.r.c.RepositoryConfigurationDelegate - Bootstrapping Spring Data Redis repositories in DEFAULT mode.
2025-01-01 16:50:21 [main] INFO  o.s.d.r.c.RepositoryConfigurationDelegate - Finished Spring Data repository scanning in 43 ms. Found 0 Redis repository interfaces.
2025-01-01 16:50:23 [main] INFO  o.s.b.w.e.tomcat.TomcatWebServer - Tomcat initialized with port 8080 (http)
2025-01-01 16:50:23 [main] INFO  o.a.coyote.http11.Http11NioProtocol - Initializing ProtocolHandler ["http-nio-8080"]
2025-01-01 16:50:23 [main] INFO  o.a.catalina.core.StandardService - Starting service [Tomcat]
2025-01-01 16:50:23 [main] INFO  o.a.catalina.core.StandardEngine - Starting Servlet engine: [Apache Tomcat/10.1.34]
2025-01-01 16:50:23 [main] INFO  o.a.c.c.C.[Tomcat].[localhost].[/] - Initializing Spring embedded WebApplicationContext
2025-01-01 16:50:23 [main] INFO  o.s.b.w.s.c.ServletWebServerApplicationContext - Root WebApplicationContext: initialization completed in 7596 ms
2025-01-01 16:50:31 [main] INFO  o.s.b.a.e.web.EndpointLinksResolver - Exposing 3 endpoints beneath base path '/actuator'
2025-01-01 16:50:31 [main] INFO  o.a.coyote.http11.Http11NioProtocol - Starting ProtocolHandler ["http-nio-8080"]
2025-01-01 16:50:31 [main] INFO  o.s.b.w.e.tomcat.TomcatWebServer - Tomcat started on port 8080 (http) with context path '/'
2025-01-01 16:50:31 [main] INFO  c.example.gateway.GatewayApplication - Started GatewayApplication in 19.488 seconds (process running for 23.941)
2025-01-01 16:50:32 [http-nio-8080-exec-1] INFO  o.a.c.c.C.[Tomcat].[localhost].[/] - Initializing Spring DispatcherServlet 'dispatcherServlet'
2025-01-01 16:50:32 [http-nio-8080-exec-1] INFO  o.s.web.servlet.DispatcherServlet - Initializing Servlet 'dispatcherServlet'
2025-01-01 16:50:32 [http-nio-8080-exec-1] INFO  o.s.web.servlet.DispatcherServlet - Completed initialization in 2 ms
2025-01-01 16:55:08 [SpringApplicationShutdownHook] INFO  o.s.b.w.e.tomcat.GracefulShutdown - Commencing graceful shutdown. Waiting for active requests to complete
2025-01-01 16:55:08 [tomcat-shutdown] INFO  o.s.b.w.e.tomcat.GracefulShutdown - Graceful shutdown complete
2025-01-01 20:30:01 [main] INFO  c.example.gateway.GatewayApplication - Starting GatewayApplication v0.0.1-SNAPSHOT using Java 17-ea with PID 1 (/app/app.jar started by root in /app)
2025-01-01 20:30:01 [main] INFO  c.example.gateway.GatewayApplication - No active profile set, falling back to 1 default profile: "default"
2025-01-01 20:30:07 [main] INFO  o.s.d.r.c.RepositoryConfigurationDelegate - Multiple Spring Data modules found, entering strict repository configuration mode
2025-01-01 20:30:07 [main] INFO  o.s.d.r.c.RepositoryConfigurationDelegate - Bootstrapping Spring Data Redis repositories in DEFAULT mode.
2025-01-01 20:30:08 [main] INFO  o.s.d.r.c.RepositoryConfigurationDelegate - Finished Spring Data repository scanning in 41 ms. Found 0 Redis repository interfaces.
2025-01-01 20:30:10 [main] INFO  o.s.b.w.e.tomcat.TomcatWebServer - Tomcat initialized with port 8080 (http)
2025-01-01 20:30:10 [main] INFO  o.a.coyote.http11.Http11NioProtocol - Initializing ProtocolHandler ["http-nio-8080"]
2025-01-01 20:30:10 [main] INFO  o.a.catalina.core.StandardService - Starting service [Tomcat]
2025-01-01 20:30:10 [main] INFO  o.a.catalina.core.StandardEngine - Starting Servlet engine: [Apache Tomcat/10.1.34]
2025-01-01 20:30:10 [main] INFO  o.a.c.c.C.[Tomcat].[localhost].[/] - Initializing Spring embedded WebApplicationContext
2025-01-01 20:30:10 [main] INFO  o.s.b.w.s.c.ServletWebServerApplicationContext - Root WebApplicationContext: initialization completed in 8420 ms
2025-01-01 20:30:20 [main] INFO  o.s.b.a.e.web.EndpointLinksResolver - Exposing 3 endpoints beneath base path '/actuator'
2025-01-01 20:30:20 [main] INFO  o.a.coyote.http11.Http11NioProtocol - Starting ProtocolHandler ["http-nio-8080"]
2025-01-01 20:30:20 [main] INFO  o.s.b.w.e.tomcat.TomcatWebServer - Tomcat started on port 8080 (http) with context path '/'
2025-01-01 20:30:20 [main] INFO  c.example.gateway.GatewayApplication - Started GatewayApplication in 21.639 seconds (process running for 25.043)
2025-01-01 20:30:24 [http-nio-8080-exec-3] INFO  o.a.c.c.C.[Tomcat].[localhost].[/] - Initializing Spring DispatcherServlet 'dispatcherServlet'
2025-01-01 20:30:24 [http-nio-8080-exec-3] INFO  o.s.web.servlet.DispatcherServlet - Initializing Servlet 'dispatcherServlet'
2025-01-01 20:30:24 [http-nio-8080-exec-3] INFO  o.s.web.servlet.DispatcherServlet - Completed initialization in 13 ms
2025-01-01 20:41:37 [SpringApplicationShutdownHook] INFO  o.s.b.w.e.tomcat.GracefulShutdown - Commencing graceful shutdown. Waiting for active requests to complete
2025-01-01 20:41:37 [tomcat-shutdown] INFO  o.s.b.w.e.tomcat.GracefulShutdown - Graceful shutdown complete
2025-01-01 20:42:25 [main] INFO  c.example.gateway.GatewayApplication - Starting GatewayApplication v0.0.1-SNAPSHOT using Java 17-ea with PID 1 (/app/app.jar started by root in /app)
2025-01-01 20:42:25 [main] INFO  c.example.gateway.GatewayApplication - No active profile set, falling back to 1 default profile: "default"
2025-01-01 20:42:32 [main] INFO  o.s.d.r.c.RepositoryConfigurationDelegate - Multiple Spring Data modules found, entering strict repository configuration mode
2025-01-01 20:42:32 [main] INFO  o.s.d.r.c.RepositoryConfigurationDelegate - Bootstrapping Spring Data Redis repositories in DEFAULT mode.
2025-01-01 20:42:32 [main] INFO  o.s.d.r.c.RepositoryConfigurationDelegate - Finished Spring Data repository scanning in 53 ms. Found 0 Redis repository interfaces.
2025-01-01 20:42:34 [main] INFO  o.s.b.w.e.tomcat.TomcatWebServer - Tomcat initialized with port 8080 (http)
2025-01-01 20:42:34 [main] INFO  o.a.coyote.http11.Http11NioProtocol - Initializing ProtocolHandler ["http-nio-8080"]
2025-01-01 20:42:34 [main] INFO  o.a.catalina.core.StandardService - Starting service [Tomcat]
2025-01-01 20:42:34 [main] INFO  o.a.catalina.core.StandardEngine - Starting Servlet engine: [Apache Tomcat/10.1.34]
2025-01-01 20:42:34 [main] INFO  o.a.c.c.C.[Tomcat].[localhost].[/] - Initializing Spring embedded WebApplicationContext
2025-01-01 20:42:34 [main] INFO  o.s.b.w.s.c.ServletWebServerApplicationContext - Root WebApplicationContext: initialization completed in 9192 ms
2025-01-01 20:42:45 [main] INFO  o.s.b.a.e.web.EndpointLinksResolver - Exposing 3 endpoints beneath base path '/actuator'
2025-01-01 20:42:45 [main] INFO  o.a.coyote.http11.Http11NioProtocol - Starting ProtocolHandler ["http-nio-8080"]
2025-01-01 20:42:45 [main] INFO  o.s.b.w.e.tomcat.TomcatWebServer - Tomcat started on port 8080 (http) with context path '/'
2025-01-01 20:42:45 [main] INFO  c.example.gateway.GatewayApplication - Started GatewayApplication in 23.159 seconds (process running for 29.454)
2025-01-01 20:43:00 [http-nio-8080-exec-2] INFO  o.a.c.c.C.[Tomcat].[localhost].[/] - Initializing Spring DispatcherServlet 'dispatcherServlet'
2025-01-01 20:43:00 [http-nio-8080-exec-2] INFO  o.s.web.servlet.DispatcherServlet - Initializing Servlet 'dispatcherServlet'
2025-01-01 20:43:00 [http-nio-8080-exec-2] INFO  o.s.web.servlet.DispatcherServlet - Completed initialization in 4 ms
2025-01-01 20:44:09 [http-nio-8080-exec-6] INFO  c.e.gateway.rest.BookController - GET request for getting all books
2025-01-01 20:44:15 [http-nio-8080-exec-7] INFO  c.e.gateway.rest.BookController - POST request for creating (book: BookDto(id=null, name=Klen, author=Esenin, genre=Poem, year=1919))
2025-01-01 20:44:15 [http-nio-8080-exec-7] INFO  o.s.a.r.c.CachingConnectionFactory - Attempting to connect to: [rabbitmq:5672]
2025-01-01 20:44:15 [http-nio-8080-exec-7] INFO  o.s.a.r.c.CachingConnectionFactory - Created new connection: rabbitConnectionFactory#274bae2c:0/SimpleConnection@1d8c9064 [delegate=amqp://guest@172.18.0.4:5672/, localPort=41732]
2025-01-01 20:44:15 [http-nio-8080-exec-7] INFO  o.s.amqp.rabbit.core.RabbitAdmin - Auto-declaring a non-durable, auto-delete, or exclusive Queue (bookCreated) durable:false, auto-delete:false, exclusive:false. It will be redeclared if the broker stops and is restarted while the connection factory is alive, but all messages will be lost.
2025-01-01 20:44:15 [http-nio-8080-exec-7] INFO  o.s.amqp.rabbit.core.RabbitAdmin - Auto-declaring a non-durable, auto-delete, or exclusive Queue (bookUpdated) durable:false, auto-delete:false, exclusive:false. It will be redeclared if the broker stops and is restarted while the connection factory is alive, but all messages will be lost.
2025-01-01 20:44:15 [http-nio-8080-exec-7] INFO  o.s.amqp.rabbit.core.RabbitAdmin - Auto-declaring a non-durable, auto-delete, or exclusive Queue (bookDeleted) durable:false, auto-delete:false, exclusive:false. It will be redeclared if the broker stops and is restarted while the connection factory is alive, but all messages will be lost.
2025-01-01 20:46:21 [http-nio-8080-exec-7] INFO  c.e.gateway.rest.BookController - GET request for getting all books
2025-01-01 20:48:20 [SpringApplicationShutdownHook] INFO  o.s.b.w.e.tomcat.GracefulShutdown - Commencing graceful shutdown. Waiting for active requests to complete
2025-01-01 20:48:20 [tomcat-shutdown] INFO  o.s.b.w.e.tomcat.GracefulShutdown - Graceful shutdown complete
2025-01-01 20:52:34 [main] INFO  c.example.gateway.GatewayApplication - Starting GatewayApplication v0.0.1-SNAPSHOT using Java 17-ea with PID 1 (/app/app.jar started by root in /app)
2025-01-01 20:52:34 [main] INFO  c.example.gateway.GatewayApplication - No active profile set, falling back to 1 default profile: "default"
2025-01-01 20:52:41 [main] INFO  o.s.d.r.c.RepositoryConfigurationDelegate - Multiple Spring Data modules found, entering strict repository configuration mode
2025-01-01 20:52:41 [main] INFO  o.s.d.r.c.RepositoryConfigurationDelegate - Bootstrapping Spring Data Redis repositories in DEFAULT mode.
2025-01-01 20:52:41 [main] INFO  o.s.d.r.c.RepositoryConfigurationDelegate - Finished Spring Data repository scanning in 108 ms. Found 0 Redis repository interfaces.
2025-01-01 20:52:44 [main] INFO  o.s.b.w.e.tomcat.TomcatWebServer - Tomcat initialized with port 8080 (http)
2025-01-01 20:52:44 [main] INFO  o.a.coyote.http11.Http11NioProtocol - Initializing ProtocolHandler ["http-nio-8080"]
2025-01-01 20:52:44 [main] INFO  o.a.catalina.core.StandardService - Starting service [Tomcat]
2025-01-01 20:52:44 [main] INFO  o.a.catalina.core.StandardEngine - Starting Servlet engine: [Apache Tomcat/10.1.34]
2025-01-01 20:52:44 [main] INFO  o.a.c.c.C.[Tomcat].[localhost].[/] - Initializing Spring embedded WebApplicationContext
2025-01-01 20:52:44 [main] INFO  o.s.b.w.s.c.ServletWebServerApplicationContext - Root WebApplicationContext: initialization completed in 10451 ms
2025-01-01 20:52:55 [main] INFO  o.s.b.a.e.web.EndpointLinksResolver - Exposing 3 endpoints beneath base path '/actuator'
2025-01-01 20:52:56 [main] INFO  o.a.coyote.http11.Http11NioProtocol - Starting ProtocolHandler ["http-nio-8080"]
2025-01-01 20:52:56 [main] INFO  o.s.b.w.e.tomcat.TomcatWebServer - Tomcat started on port 8080 (http) with context path '/'
2025-01-01 20:52:56 [main] INFO  c.example.gateway.GatewayApplication - Started GatewayApplication in 25.393 seconds (process running for 30.982)
2025-01-01 20:53:07 [http-nio-8080-exec-2] INFO  o.a.c.c.C.[Tomcat].[localhost].[/] - Initializing Spring DispatcherServlet 'dispatcherServlet'
2025-01-01 20:53:07 [http-nio-8080-exec-2] INFO  o.s.web.servlet.DispatcherServlet - Initializing Servlet 'dispatcherServlet'
2025-01-01 20:53:07 [http-nio-8080-exec-2] INFO  o.s.web.servlet.DispatcherServlet - Completed initialization in 3 ms
2025-01-01 21:17:53 [http-nio-8080-exec-2] INFO  c.e.gateway.rest.BookController - GET request for getting all books
2025-01-01 21:24:00 [http-nio-8080-exec-5] INFO  c.e.gateway.rest.BookController - GET request for getting all books
2025-01-01 21:24:11 [http-nio-8080-exec-8] INFO  c.e.gateway.rest.BookController - GET request for getting book with (id: 6772fd71daae7a18f9e33094)
2025-01-01 21:24:22 [http-nio-8080-exec-2] INFO  c.e.gateway.rest.BookController - GET request for getting all books
2025-01-01 21:24:25 [http-nio-8080-exec-1] INFO  c.e.gateway.rest.BookController - POST request for creating (book: BookDto(id=null, name=Klen, author=Esenin, genre=Poem, year=1919))
2025-01-01 21:24:25 [http-nio-8080-exec-1] INFO  o.s.a.r.c.CachingConnectionFactory - Attempting to connect to: [rabbitmq:5672]
2025-01-01 21:24:25 [http-nio-8080-exec-1] INFO  o.s.a.r.c.CachingConnectionFactory - Created new connection: rabbitConnectionFactory#274bae2c:0/SimpleConnection@1230ac23 [delegate=amqp://guest@172.18.0.4:5672/, localPort=59596]
2025-01-01 21:24:25 [http-nio-8080-exec-1] INFO  o.s.amqp.rabbit.core.RabbitAdmin - Auto-declaring a non-durable, auto-delete, or exclusive Queue (bookCreated) durable:false, auto-delete:false, exclusive:false. It will be redeclared if the broker stops and is restarted while the connection factory is alive, but all messages will be lost.
2025-01-01 21:24:25 [http-nio-8080-exec-1] INFO  o.s.amqp.rabbit.core.RabbitAdmin - Auto-declaring a non-durable, auto-delete, or exclusive Queue (bookUpdated) durable:false, auto-delete:false, exclusive:false. It will be redeclared if the broker stops and is restarted while the connection factory is alive, but all messages will be lost.
2025-01-01 21:24:25 [http-nio-8080-exec-1] INFO  o.s.amqp.rabbit.core.RabbitAdmin - Auto-declaring a non-durable, auto-delete, or exclusive Queue (bookDeleted) durable:false, auto-delete:false, exclusive:false. It will be redeclared if the broker stops and is restarted while the connection factory is alive, but all messages will be lost.
2025-01-01 21:31:01 [http-nio-8080-exec-2] INFO  c.e.gateway.rest.BookController - GET request for getting all books
2025-01-01 21:34:32 [SpringApplicationShutdownHook] INFO  o.s.b.w.e.tomcat.GracefulShutdown - Commencing graceful shutdown. Waiting for active requests to complete
2025-01-01 21:34:32 [tomcat-shutdown] INFO  o.s.b.w.e.tomcat.GracefulShutdown - Graceful shutdown complete
2025-01-01 21:35:13 [main] INFO  c.example.gateway.GatewayApplication - Starting GatewayApplication v0.0.1-SNAPSHOT using Java 17-ea with PID 1 (/app/app.jar started by root in /app)
2025-01-01 21:35:13 [main] INFO  c.example.gateway.GatewayApplication - No active profile set, falling back to 1 default profile: "default"
2025-01-01 21:35:20 [main] INFO  o.s.d.r.c.RepositoryConfigurationDelegate - Multiple Spring Data modules found, entering strict repository configuration mode
2025-01-01 21:35:20 [main] INFO  o.s.d.r.c.RepositoryConfigurationDelegate - Bootstrapping Spring Data Redis repositories in DEFAULT mode.
2025-01-01 21:35:20 [main] INFO  o.s.d.r.c.RepositoryConfigurationDelegate - Finished Spring Data repository scanning in 106 ms. Found 0 Redis repository interfaces.
2025-01-01 21:35:24 [main] INFO  o.s.b.w.e.tomcat.TomcatWebServer - Tomcat initialized with port 8080 (http)
2025-01-01 21:35:24 [main] INFO  o.a.coyote.http11.Http11NioProtocol - Initializing ProtocolHandler ["http-nio-8080"]
2025-01-01 21:35:24 [main] INFO  o.a.catalina.core.StandardService - Starting service [Tomcat]
2025-01-01 21:35:24 [main] INFO  o.a.catalina.core.StandardEngine - Starting Servlet engine: [Apache Tomcat/10.1.34]
2025-01-01 21:35:24 [main] INFO  o.a.c.c.C.[Tomcat].[localhost].[/] - Initializing Spring embedded WebApplicationContext
2025-01-01 21:35:24 [main] INFO  o.s.b.w.s.c.ServletWebServerApplicationContext - Root WebApplicationContext: initialization completed in 9933 ms
2025-01-01 21:35:37 [main] INFO  o.s.b.a.e.web.EndpointLinksResolver - Exposing 3 endpoints beneath base path '/actuator'
2025-01-01 21:35:37 [main] INFO  o.a.coyote.http11.Http11NioProtocol - Starting ProtocolHandler ["http-nio-8080"]
2025-01-01 21:35:38 [main] INFO  o.s.b.w.e.tomcat.TomcatWebServer - Tomcat started on port 8080 (http) with context path '/'
2025-01-01 21:35:38 [main] INFO  c.example.gateway.GatewayApplication - Started GatewayApplication in 29.131 seconds (process running for 34.405)
2025-01-01 21:35:39 [http-nio-8080-exec-1] INFO  o.a.c.c.C.[Tomcat].[localhost].[/] - Initializing Spring DispatcherServlet 'dispatcherServlet'
2025-01-01 21:35:39 [http-nio-8080-exec-1] INFO  o.s.web.servlet.DispatcherServlet - Initializing Servlet 'dispatcherServlet'
2025-01-01 21:35:39 [http-nio-8080-exec-1] INFO  o.s.web.servlet.DispatcherServlet - Completed initialization in 4 ms
2025-01-01 21:35:55 [http-nio-8080-exec-4] INFO  c.e.gateway.rest.BookController - GET request for getting all books
2025-01-01 21:36:53 [http-nio-8080-exec-8] INFO  c.e.gateway.rest.BookController - POST request for creating (book: BookDto(id=null, name=Klen, author=Esenin, genre=Poem, year=1919))
2025-01-01 21:36:53 [http-nio-8080-exec-8] INFO  o.s.a.r.c.CachingConnectionFactory - Attempting to connect to: [rabbitmq:5672]
2025-01-01 21:36:53 [http-nio-8080-exec-8] INFO  o.s.a.r.c.CachingConnectionFactory - Created new connection: rabbitConnectionFactory#22ca1242:0/SimpleConnection@6822d64d [delegate=amqp://guest@172.18.0.5:5672/, localPort=45032]
2025-01-01 21:36:53 [http-nio-8080-exec-8] INFO  o.s.amqp.rabbit.core.RabbitAdmin - Auto-declaring a non-durable, auto-delete, or exclusive Queue (bookCreated) durable:false, auto-delete:false, exclusive:false. It will be redeclared if the broker stops and is restarted while the connection factory is alive, but all messages will be lost.
2025-01-01 21:36:53 [http-nio-8080-exec-8] INFO  o.s.amqp.rabbit.core.RabbitAdmin - Auto-declaring a non-durable, auto-delete, or exclusive Queue (bookUpdated) durable:false, auto-delete:false, exclusive:false. It will be redeclared if the broker stops and is restarted while the connection factory is alive, but all messages will be lost.
2025-01-01 21:36:53 [http-nio-8080-exec-8] INFO  o.s.amqp.rabbit.core.RabbitAdmin - Auto-declaring a non-durable, auto-delete, or exclusive Queue (bookDeleted) durable:false, auto-delete:false, exclusive:false. It will be redeclared if the broker stops and is restarted while the connection factory is alive, but all messages will be lost.
2025-01-01 21:36:56 [http-nio-8080-exec-1] INFO  c.e.gateway.rest.BookController - DELETE request for deleting book with (id: 6772d9910130eb0b11cc0760)
2025-01-01 21:38:14 [SpringApplicationShutdownHook] INFO  o.s.b.w.e.tomcat.GracefulShutdown - Commencing graceful shutdown. Waiting for active requests to complete
2025-01-01 21:38:14 [tomcat-shutdown] INFO  o.s.b.w.e.tomcat.GracefulShutdown - Graceful shutdown complete
2025-01-04 12:27:13 [main] INFO  c.example.gateway.GatewayApplication - Starting GatewayApplication v0.0.1-SNAPSHOT using Java 17-ea with PID 1 (/app/app.jar started by root in /app)
2025-01-04 12:27:13 [main] INFO  c.example.gateway.GatewayApplication - No active profile set, falling back to 1 default profile: "default"
2025-01-04 12:27:19 [main] INFO  o.s.d.r.c.RepositoryConfigurationDelegate - Multiple Spring Data modules found, entering strict repository configuration mode
2025-01-04 12:27:19 [main] INFO  o.s.d.r.c.RepositoryConfigurationDelegate - Bootstrapping Spring Data Redis repositories in DEFAULT mode.
2025-01-04 12:27:19 [main] INFO  o.s.d.r.c.RepositoryConfigurationDelegate - Finished Spring Data repository scanning in 66 ms. Found 0 Redis repository interfaces.
2025-01-04 12:27:21 [main] INFO  o.s.b.w.e.tomcat.TomcatWebServer - Tomcat initialized with port 8080 (http)
2025-01-04 12:27:21 [main] INFO  o.a.coyote.http11.Http11NioProtocol - Initializing ProtocolHandler ["http-nio-8080"]
2025-01-04 12:27:21 [main] INFO  o.a.catalina.core.StandardService - Starting service [Tomcat]
2025-01-04 12:27:21 [main] INFO  o.a.catalina.core.StandardEngine - Starting Servlet engine: [Apache Tomcat/10.1.34]
2025-01-04 12:27:21 [main] INFO  o.a.c.c.C.[Tomcat].[localhost].[/] - Initializing Spring embedded WebApplicationContext
2025-01-04 12:27:21 [main] INFO  o.s.b.w.s.c.ServletWebServerApplicationContext - Root WebApplicationContext: initialization completed in 7921 ms
2025-01-04 12:27:31 [main] INFO  o.s.b.a.e.web.EndpointLinksResolver - Exposing 3 endpoints beneath base path '/actuator'
2025-01-04 12:27:32 [main] INFO  o.a.coyote.http11.Http11NioProtocol - Starting ProtocolHandler ["http-nio-8080"]
2025-01-04 12:27:32 [main] INFO  o.s.b.w.e.tomcat.TomcatWebServer - Tomcat started on port 8080 (http) with context path '/'
2025-01-04 12:27:32 [main] INFO  c.example.gateway.GatewayApplication - Started GatewayApplication in 21.162 seconds (process running for 25.148)
2025-01-04 12:27:46 [http-nio-8080-exec-1] INFO  o.a.c.c.C.[Tomcat].[localhost].[/] - Initializing Spring DispatcherServlet 'dispatcherServlet'
2025-01-04 12:27:46 [http-nio-8080-exec-1] INFO  o.s.web.servlet.DispatcherServlet - Initializing Servlet 'dispatcherServlet'
2025-01-04 12:27:46 [http-nio-8080-exec-1] INFO  o.s.web.servlet.DispatcherServlet - Completed initialization in 4 ms
2025-01-04 12:28:52 [http-nio-8080-exec-6] INFO  o.a.tomcat.util.http.parser.Cookie - A cookie header was received [userSettings={"theme":"light","themeSettings":{"systemLightTheme":"light","systemDarkTheme":"dark"}};] that contained an invalid cookie. That cookie will be ignored.
 Note: further occurrences of this error will be logged at DEBUG level.
2025-01-04 12:32:32 [http-nio-8080-exec-5] INFO  o.a.coyote.http11.Http11Processor - Error parsing HTTP request header
 Note: further occurrences of HTTP request parsing errors will be logged at DEBUG level.
java.lang.IllegalArgumentException: Invalid character found in method name [0x160x030x010x060xb20x010x000x060xae0x030x03"0xe00x960xecW0x900xa2+V0xc80x940xfd0x0cA0xe20x09Jo0xe90x92o0xd8L0xfa0xa90xc80xa20xe0\0x9c0xa00x95 ]. HTTP method names must be tokens
	at org.apache.coyote.http11.Http11InputBuffer.parseRequestLine(Http11InputBuffer.java:406)
	at org.apache.coyote.http11.Http11Processor.service(Http11Processor.java:270)
	at org.apache.coyote.AbstractProcessorLight.process(AbstractProcessorLight.java:63)
	at org.apache.coyote.AbstractProtocol$ConnectionHandler.process(AbstractProtocol.java:905)
	at org.apache.tomcat.util.net.NioEndpoint$SocketProcessor.doRun(NioEndpoint.java:1741)
	at org.apache.tomcat.util.net.SocketProcessorBase.run(SocketProcessorBase.java:52)
	at org.apache.tomcat.util.threads.ThreadPoolExecutor.runWorker(ThreadPoolExecutor.java:1190)
	at org.apache.tomcat.util.threads.ThreadPoolExecutor$Worker.run(ThreadPoolExecutor.java:659)
	at org.apache.tomcat.util.threads.TaskThread$WrappingRunnable.run(TaskThread.java:63)
	at java.base/java.lang.Thread.run(Thread.java:831)
2025-01-04 12:32:32 [http-nio-8080-exec-6] INFO  o.a.coyote.http11.Http11Processor - Error parsing HTTP request header
 Note: further occurrences of HTTP request parsing errors will be logged at DEBUG level.
java.lang.IllegalArgumentException: Invalid character found in method name [0x160x030x010x060xb20x010x000x060xae0x030x030xb80xe6(0x150xdd0xd250xb90xae0x9bJ9[0xc20x150xfb0x16o+0xad0xc2r0x830xf60xcb0xbfb0xa50xeb0xc310x1a ]. HTTP method names must be tokens
	at org.apache.coyote.http11.Http11InputBuffer.parseRequestLine(Http11InputBuffer.java:406)
	at org.apache.coyote.http11.Http11Processor.service(Http11Processor.java:270)
	at org.apache.coyote.AbstractProcessorLight.process(AbstractProcessorLight.java:63)
	at org.apache.coyote.AbstractProtocol$ConnectionHandler.process(AbstractProtocol.java:905)
	at org.apache.tomcat.util.net.NioEndpoint$SocketProcessor.doRun(NioEndpoint.java:1741)
	at org.apache.tomcat.util.net.SocketProcessorBase.run(SocketProcessorBase.java:52)
	at org.apache.tomcat.util.threads.ThreadPoolExecutor.runWorker(ThreadPoolExecutor.java:1190)
	at org.apache.tomcat.util.threads.ThreadPoolExecutor$Worker.run(ThreadPoolExecutor.java:659)
	at org.apache.tomcat.util.threads.TaskThread$WrappingRunnable.run(TaskThread.java:63)
	at java.base/java.lang.Thread.run(Thread.java:831)
2025-01-04 12:33:01 [SpringApplicationShutdownHook] INFO  o.s.b.w.e.tomcat.GracefulShutdown - Commencing graceful shutdown. Waiting for active requests to complete
2025-01-04 12:33:01 [tomcat-shutdown] INFO  o.s.b.w.e.tomcat.GracefulShutdown - Graceful shutdown complete
2025-01-04 12:33:04 [main] INFO  c.example.gateway.GatewayApplication - Starting GatewayApplication v0.0.1-SNAPSHOT using Java 17-ea with PID 1 (/app/app.jar started by root in /app)
2025-01-04 12:33:04 [main] INFO  c.example.gateway.GatewayApplication - No active profile set, falling back to 1 default profile: "default"
2025-01-04 12:33:06 [main] INFO  o.s.d.r.c.RepositoryConfigurationDelegate - Multiple Spring Data modules found, entering strict repository configuration mode
2025-01-04 12:33:06 [main] INFO  o.s.d.r.c.RepositoryConfigurationDelegate - Bootstrapping Spring Data Redis repositories in DEFAULT mode.
2025-01-04 12:33:06 [main] INFO  o.s.d.r.c.RepositoryConfigurationDelegate - Finished Spring Data repository scanning in 25 ms. Found 0 Redis repository interfaces.
2025-01-04 12:33:07 [main] INFO  o.s.b.w.e.tomcat.TomcatWebServer - Tomcat initialized with port 8080 (http)
2025-01-04 12:33:07 [main] INFO  o.a.coyote.http11.Http11NioProtocol - Initializing ProtocolHandler ["http-nio-8080"]
2025-01-04 12:33:07 [main] INFO  o.a.catalina.core.StandardService - Starting service [Tomcat]
2025-01-04 12:33:07 [main] INFO  o.a.catalina.core.StandardEngine - Starting Servlet engine: [Apache Tomcat/10.1.34]
2025-01-04 12:33:07 [main] INFO  o.a.c.c.C.[Tomcat].[localhost].[/] - Initializing Spring embedded WebApplicationContext
2025-01-04 12:33:07 [main] INFO  o.s.b.w.s.c.ServletWebServerApplicationContext - Root WebApplicationContext: initialization completed in 2775 ms
2025-01-04 12:33:10 [main] INFO  o.s.b.a.e.web.EndpointLinksResolver - Exposing 3 endpoints beneath base path '/actuator'
2025-01-04 12:33:10 [main] INFO  o.a.coyote.http11.Http11NioProtocol - Starting ProtocolHandler ["http-nio-8080"]
2025-01-04 12:33:10 [main] INFO  o.s.b.w.e.tomcat.TomcatWebServer - Tomcat started on port 8080 (http) with context path '/'
2025-01-04 12:33:10 [main] INFO  c.example.gateway.GatewayApplication - Started GatewayApplication in 6.878 seconds (process running for 8.32)
2025-01-04 12:33:15 [http-nio-8080-exec-1] INFO  o.a.coyote.http11.Http11Processor - Error parsing HTTP request header
 Note: further occurrences of HTTP request parsing errors will be logged at DEBUG level.
java.lang.IllegalArgumentException: Invalid character found in method name [0x160x030x010x060xd20x010x000x060xce0x030x03WS0x1a8E0xf40x8auH~0xda0xd90xd80xe50xa2Q0x97|0xf9+0x130xf53K.0x990x98B0x090x9f0x0fu ]. HTTP method names must be tokens
	at org.apache.coyote.http11.Http11InputBuffer.parseRequestLine(Http11InputBuffer.java:406)
	at org.apache.coyote.http11.Http11Processor.service(Http11Processor.java:270)
	at org.apache.coyote.AbstractProcessorLight.process(AbstractProcessorLight.java:63)
	at org.apache.coyote.AbstractProtocol$ConnectionHandler.process(AbstractProtocol.java:905)
	at org.apache.tomcat.util.net.NioEndpoint$SocketProcessor.doRun(NioEndpoint.java:1741)
	at org.apache.tomcat.util.net.SocketProcessorBase.run(SocketProcessorBase.java:52)
	at org.apache.tomcat.util.threads.ThreadPoolExecutor.runWorker(ThreadPoolExecutor.java:1190)
	at org.apache.tomcat.util.threads.ThreadPoolExecutor$Worker.run(ThreadPoolExecutor.java:659)
	at org.apache.tomcat.util.threads.TaskThread$WrappingRunnable.run(TaskThread.java:63)
	at java.base/java.lang.Thread.run(Thread.java:831)
2025-01-04 12:33:15 [http-nio-8080-exec-2] INFO  o.a.coyote.http11.Http11Processor - Error parsing HTTP request header
 Note: further occurrences of HTTP request parsing errors will be logged at DEBUG level.
java.lang.IllegalArgumentException: Invalid character found in method name [0x160x030x010x070x120x010x000x070x0e0x030x030x9c0xcbO0x160x9d90x8aR40x180x860xb70x89OeR0xf1JI~0xb60xacq9u0x0e0xfe0x0a0x830xa9}0x8f ]. HTTP method names must be tokens
	at org.apache.coyote.http11.Http11InputBuffer.parseRequestLine(Http11InputBuffer.java:406)
	at org.apache.coyote.http11.Http11Processor.service(Http11Processor.java:270)
	at org.apache.coyote.AbstractProcessorLight.process(AbstractProcessorLight.java:63)
	at org.apache.coyote.AbstractProtocol$ConnectionHandler.process(AbstractProtocol.java:905)
	at org.apache.tomcat.util.net.NioEndpoint$SocketProcessor.doRun(NioEndpoint.java:1741)
	at org.apache.tomcat.util.net.SocketProcessorBase.run(SocketProcessorBase.java:52)
	at org.apache.tomcat.util.threads.ThreadPoolExecutor.runWorker(ThreadPoolExecutor.java:1190)
	at org.apache.tomcat.util.threads.ThreadPoolExecutor$Worker.run(ThreadPoolExecutor.java:659)
	at org.apache.tomcat.util.threads.TaskThread$WrappingRunnable.run(TaskThread.java:63)
	at java.base/java.lang.Thread.run(Thread.java:831)
2025-01-04 12:33:16 [http-nio-8080-exec-5] INFO  o.a.c.c.C.[Tomcat].[localhost].[/] - Initializing Spring DispatcherServlet 'dispatcherServlet'
2025-01-04 12:33:16 [http-nio-8080-exec-5] INFO  o.s.web.servlet.DispatcherServlet - Initializing Servlet 'dispatcherServlet'
2025-01-04 12:33:16 [http-nio-8080-exec-5] INFO  o.s.web.servlet.DispatcherServlet - Completed initialization in 4 ms
2025-01-04 12:34:34 [http-nio-8080-exec-5] INFO  c.e.gateway.rest.BookController - GET request for getting all books
2025-01-04 12:40:40 [http-nio-8080-exec-5] INFO  o.a.tomcat.util.http.parser.Cookie - A cookie header was received [userSettings={"theme":"light","themeSettings":{"systemLightTheme":"light","systemDarkTheme":"dark"}};] that contained an invalid cookie. That cookie will be ignored.
 Note: further occurrences of this error will be logged at DEBUG level.
2025-01-04 12:52:44 [http-nio-8080-exec-9] INFO  c.e.gateway.rest.BookController - GET request for getting all books
2025-01-04 13:51:04 [SpringApplicationShutdownHook] INFO  o.s.b.w.e.tomcat.GracefulShutdown - Commencing graceful shutdown. Waiting for active requests to complete
2025-01-04 13:51:04 [tomcat-shutdown] INFO  o.s.b.w.e.tomcat.GracefulShutdown - Graceful shutdown complete
2025-01-06 20:47:08 [main] INFO  c.example.gateway.GatewayApplication - Starting GatewayApplication v0.0.1-SNAPSHOT using Java 17-ea with PID 1 (/app/app.jar started by root in /app)
2025-01-06 20:47:08 [main] INFO  c.example.gateway.GatewayApplication - No active profile set, falling back to 1 default profile: "default"
2025-01-06 20:47:15 [main] INFO  o.s.d.r.c.RepositoryConfigurationDelegate - Multiple Spring Data modules found, entering strict repository configuration mode
2025-01-06 20:47:15 [main] INFO  o.s.d.r.c.RepositoryConfigurationDelegate - Bootstrapping Spring Data Redis repositories in DEFAULT mode.
2025-01-06 20:47:15 [main] INFO  o.s.d.r.c.RepositoryConfigurationDelegate - Finished Spring Data repository scanning in 82 ms. Found 0 Redis repository interfaces.
2025-01-06 20:47:17 [main] INFO  o.s.b.w.e.tomcat.TomcatWebServer - Tomcat initialized with port 8080 (http)
2025-01-06 20:47:17 [main] INFO  o.a.coyote.http11.Http11NioProtocol - Initializing ProtocolHandler ["http-nio-8080"]
2025-01-06 20:47:17 [main] INFO  o.a.catalina.core.StandardService - Starting service [Tomcat]
2025-01-06 20:47:17 [main] INFO  o.a.catalina.core.StandardEngine - Starting Servlet engine: [Apache Tomcat/10.1.34]
2025-01-06 20:47:18 [main] INFO  o.a.c.c.C.[Tomcat].[localhost].[/] - Initializing Spring embedded WebApplicationContext
2025-01-06 20:47:18 [main] INFO  o.s.b.w.s.c.ServletWebServerApplicationContext - Root WebApplicationContext: initialization completed in 9308 ms
2025-01-06 20:47:24 [main] INFO  o.s.b.a.e.web.EndpointLinksResolver - Exposing 3 endpoints beneath base path '/actuator'
2025-01-06 20:47:24 [main] INFO  o.a.coyote.http11.Http11NioProtocol - Starting ProtocolHandler ["http-nio-8080"]
2025-01-06 20:47:24 [main] INFO  o.s.b.w.e.tomcat.TomcatWebServer - Tomcat started on port 8080 (http) with context path '/'
2025-01-06 20:47:24 [main] INFO  c.example.gateway.GatewayApplication - Started GatewayApplication in 19.5 seconds (process running for 27.285)
2025-01-06 20:47:32 [http-nio-8080-exec-1] INFO  o.a.c.c.C.[Tomcat].[localhost].[/] - Initializing Spring DispatcherServlet 'dispatcherServlet'
2025-01-06 20:47:32 [http-nio-8080-exec-1] INFO  o.s.web.servlet.DispatcherServlet - Initializing Servlet 'dispatcherServlet'
2025-01-06 20:47:32 [http-nio-8080-exec-1] INFO  o.s.web.servlet.DispatcherServlet - Completed initialization in 4 ms
2025-01-06 20:48:33 [http-nio-8080-exec-6] INFO  c.e.gateway.rest.BookController - GET request for getting all books
2025-01-06 21:04:12 [SpringApplicationShutdownHook] INFO  o.s.b.w.e.tomcat.GracefulShutdown - Commencing graceful shutdown. Waiting for active requests to complete
2025-01-06 21:04:12 [tomcat-shutdown] INFO  o.s.b.w.e.tomcat.GracefulShutdown - Graceful shutdown complete
2025-01-06 21:26:18 [main] INFO  c.example.gateway.GatewayApplication - Starting GatewayApplication v0.0.1-SNAPSHOT using Java 17-ea with PID 1 (/app/app.jar started by root in /app)
2025-01-06 21:26:18 [main] INFO  c.example.gateway.GatewayApplication - No active profile set, falling back to 1 default profile: "default"
2025-01-06 21:26:22 [main] INFO  o.s.d.r.c.RepositoryConfigurationDelegate - Multiple Spring Data modules found, entering strict repository configuration mode
2025-01-06 21:26:22 [main] INFO  o.s.d.r.c.RepositoryConfigurationDelegate - Bootstrapping Spring Data Redis repositories in DEFAULT mode.
2025-01-06 21:26:22 [main] INFO  o.s.d.r.c.RepositoryConfigurationDelegate - Finished Spring Data repository scanning in 33 ms. Found 0 Redis repository interfaces.
2025-01-06 21:26:24 [main] INFO  o.s.b.w.e.tomcat.TomcatWebServer - Tomcat initialized with port 8080 (http)
2025-01-06 21:26:24 [main] INFO  o.a.coyote.http11.Http11NioProtocol - Initializing ProtocolHandler ["http-nio-8080"]
2025-01-06 21:26:24 [main] INFO  o.a.catalina.core.StandardService - Starting service [Tomcat]
2025-01-06 21:26:24 [main] INFO  o.a.catalina.core.StandardEngine - Starting Servlet engine: [Apache Tomcat/10.1.34]
2025-01-06 21:26:24 [main] INFO  o.a.c.c.C.[Tomcat].[localhost].[/] - Initializing Spring embedded WebApplicationContext
2025-01-06 21:26:24 [main] INFO  o.s.b.w.s.c.ServletWebServerApplicationContext - Root WebApplicationContext: initialization completed in 5809 ms
2025-01-06 21:26:33 [main] INFO  o.s.b.a.e.web.EndpointLinksResolver - Exposing 3 endpoints beneath base path '/actuator'
2025-01-06 21:26:33 [main] INFO  o.a.coyote.http11.Http11NioProtocol - Starting ProtocolHandler ["http-nio-8080"]
2025-01-06 21:26:33 [main] INFO  o.s.b.w.e.tomcat.TomcatWebServer - Tomcat started on port 8080 (http) with context path '/'
2025-01-06 21:26:33 [main] INFO  c.example.gateway.GatewayApplication - Started GatewayApplication in 16.969 seconds (process running for 20.441)
2025-01-06 21:26:43 [http-nio-8080-exec-1] INFO  o.a.c.c.C.[Tomcat].[localhost].[/] - Initializing Spring DispatcherServlet 'dispatcherServlet'
2025-01-06 21:26:43 [http-nio-8080-exec-1] INFO  o.s.web.servlet.DispatcherServlet - Initializing Servlet 'dispatcherServlet'
2025-01-06 21:26:43 [http-nio-8080-exec-1] INFO  o.s.web.servlet.DispatcherServlet - Completed initialization in 1 ms
2025-01-06 21:30:23 [http-nio-8080-exec-6] INFO  c.e.gateway.rest.BookController - GET request for getting all books
2025-01-06 21:45:57 [SpringApplicationShutdownHook] INFO  o.s.b.w.e.tomcat.GracefulShutdown - Commencing graceful shutdown. Waiting for active requests to complete
2025-01-06 21:45:57 [tomcat-shutdown] INFO  o.s.b.w.e.tomcat.GracefulShutdown - Graceful shutdown complete
2025-01-07 11:04:13 [main] INFO  c.example.gateway.GatewayApplication - Starting GatewayApplication v0.0.1-SNAPSHOT using Java 17-ea with PID 1 (/app/app.jar started by root in /app)
2025-01-07 11:04:13 [main] INFO  c.example.gateway.GatewayApplication - No active profile set, falling back to 1 default profile: "default"
2025-01-07 11:04:15 [main] INFO  o.s.d.r.c.RepositoryConfigurationDelegate - Multiple Spring Data modules found, entering strict repository configuration mode
2025-01-07 11:04:15 [main] INFO  o.s.d.r.c.RepositoryConfigurationDelegate - Bootstrapping Spring Data Redis repositories in DEFAULT mode.
2025-01-07 11:04:15 [main] INFO  o.s.d.r.c.RepositoryConfigurationDelegate - Finished Spring Data repository scanning in 13 ms. Found 0 Redis repository interfaces.
2025-01-07 11:04:15 [main] INFO  o.s.b.w.e.tomcat.TomcatWebServer - Tomcat initialized with port 8080 (http)
2025-01-07 11:04:15 [main] INFO  o.a.coyote.http11.Http11NioProtocol - Initializing ProtocolHandler ["http-nio-8080"]
2025-01-07 11:04:15 [main] INFO  o.a.catalina.core.StandardService - Starting service [Tomcat]
2025-01-07 11:04:15 [main] INFO  o.a.catalina.core.StandardEngine - Starting Servlet engine: [Apache Tomcat/10.1.34]
2025-01-07 11:04:15 [main] INFO  o.a.c.c.C.[Tomcat].[localhost].[/] - Initializing Spring embedded WebApplicationContext
2025-01-07 11:04:15 [main] INFO  o.s.b.w.s.c.ServletWebServerApplicationContext - Root WebApplicationContext: initialization completed in 2377 ms
2025-01-07 11:04:19 [main] INFO  o.s.b.a.e.web.EndpointLinksResolver - Exposing 3 endpoints beneath base path '/actuator'
2025-01-07 11:04:20 [main] INFO  o.a.coyote.http11.Http11NioProtocol - Starting ProtocolHandler ["http-nio-8080"]
2025-01-07 11:04:20 [main] INFO  o.s.b.w.e.tomcat.TomcatWebServer - Tomcat started on port 8080 (http) with context path '/'
2025-01-07 11:04:20 [main] INFO  c.example.gateway.GatewayApplication - Started GatewayApplication in 7.445 seconds (process running for 9.537)
2025-01-07 11:04:31 [SpringApplicationShutdownHook] INFO  o.s.b.w.e.tomcat.GracefulShutdown - Commencing graceful shutdown. Waiting for active requests to complete
2025-01-07 11:04:31 [tomcat-shutdown] INFO  o.s.b.w.e.tomcat.GracefulShutdown - Graceful shutdown complete
2025-01-07 13:43:04 [main] INFO  c.example.gateway.GatewayApplication - Starting GatewayApplication v0.0.1-SNAPSHOT using Java 17-ea with PID 1 (/app/app.jar started by root in /app)
2025-01-07 13:43:04 [main] INFO  c.example.gateway.GatewayApplication - No active profile set, falling back to 1 default profile: "default"
2025-01-07 13:43:07 [main] INFO  o.s.d.r.c.RepositoryConfigurationDelegate - Multiple Spring Data modules found, entering strict repository configuration mode
2025-01-07 13:43:07 [main] INFO  o.s.d.r.c.RepositoryConfigurationDelegate - Bootstrapping Spring Data Redis repositories in DEFAULT mode.
2025-01-07 13:43:07 [main] INFO  o.s.d.r.c.RepositoryConfigurationDelegate - Finished Spring Data repository scanning in 23 ms. Found 0 Redis repository interfaces.
2025-01-07 13:43:08 [main] INFO  o.s.b.w.e.tomcat.TomcatWebServer - Tomcat initialized with port 8080 (http)
2025-01-07 13:43:08 [main] INFO  o.a.coyote.http11.Http11NioProtocol - Initializing ProtocolHandler ["http-nio-8080"]
2025-01-07 13:43:08 [main] INFO  o.a.catalina.core.StandardService - Starting service [Tomcat]
2025-01-07 13:43:08 [main] INFO  o.a.catalina.core.StandardEngine - Starting Servlet engine: [Apache Tomcat/10.1.34]
2025-01-07 13:43:08 [main] INFO  o.a.c.c.C.[Tomcat].[localhost].[/] - Initializing Spring embedded WebApplicationContext
2025-01-07 13:43:08 [main] INFO  o.s.b.w.s.c.ServletWebServerApplicationContext - Root WebApplicationContext: initialization completed in 3612 ms
2025-01-07 13:43:15 [main] INFO  o.s.b.a.e.web.EndpointLinksResolver - Exposing 3 endpoints beneath base path '/actuator'
2025-01-07 13:43:15 [main] INFO  o.a.coyote.http11.Http11NioProtocol - Starting ProtocolHandler ["http-nio-8080"]
2025-01-07 13:43:15 [main] INFO  o.s.b.w.e.tomcat.TomcatWebServer - Tomcat started on port 8080 (http) with context path '/'
2025-01-07 13:43:15 [main] INFO  c.example.gateway.GatewayApplication - Started GatewayApplication in 11.615 seconds (process running for 13.401)
2025-01-07 13:45:35 [SpringApplicationShutdownHook] INFO  o.s.b.w.e.tomcat.GracefulShutdown - Commencing graceful shutdown. Waiting for active requests to complete
2025-01-07 13:45:35 [tomcat-shutdown] INFO  o.s.b.w.e.tomcat.GracefulShutdown - Graceful shutdown complete
2025-01-07 13:49:15 [main] INFO  c.example.gateway.GatewayApplication - Starting GatewayApplication v0.0.1-SNAPSHOT using Java 17-ea with PID 1 (/app/app.jar started by root in /app)
2025-01-07 13:49:15 [main] INFO  c.example.gateway.GatewayApplication - No active profile set, falling back to 1 default profile: "default"
2025-01-07 13:49:17 [main] INFO  o.s.d.r.c.RepositoryConfigurationDelegate - Multiple Spring Data modules found, entering strict repository configuration mode
2025-01-07 13:49:17 [main] INFO  o.s.d.r.c.RepositoryConfigurationDelegate - Bootstrapping Spring Data Redis repositories in DEFAULT mode.
2025-01-07 13:49:17 [main] INFO  o.s.d.r.c.RepositoryConfigurationDelegate - Finished Spring Data repository scanning in 50 ms. Found 0 Redis repository interfaces.
2025-01-07 13:49:18 [main] INFO  o.s.b.w.e.tomcat.TomcatWebServer - Tomcat initialized with port 8080 (http)
2025-01-07 13:49:18 [main] INFO  o.a.coyote.http11.Http11NioProtocol - Initializing ProtocolHandler ["http-nio-8080"]
2025-01-07 13:49:18 [main] INFO  o.a.catalina.core.StandardService - Starting service [Tomcat]
2025-01-07 13:49:18 [main] INFO  o.a.catalina.core.StandardEngine - Starting Servlet engine: [Apache Tomcat/10.1.34]
2025-01-07 13:49:18 [main] INFO  o.a.c.c.C.[Tomcat].[localhost].[/] - Initializing Spring embedded WebApplicationContext
2025-01-07 13:49:18 [main] INFO  o.s.b.w.s.c.ServletWebServerApplicationContext - Root WebApplicationContext: initialization completed in 3345 ms
2025-01-07 13:49:19 [main] WARN  o.s.b.w.s.c.AnnotationConfigServletWebServerApplicationContext - Exception encountered during context initialization - cancelling refresh attempt: org.springframework.beans.factory.BeanCreationException: Error creating bean with name 'rabbitMQConfig': Injection of autowired dependencies failed
2025-01-07 13:49:19 [main] INFO  o.a.catalina.core.StandardService - Stopping service [Tomcat]
2025-01-07 13:49:19 [main] INFO  o.s.b.a.l.ConditionEvaluationReportLogger - 

Error starting ApplicationContext. To display the condition evaluation report re-run your application with 'debug' enabled.
2025-01-07 13:49:19 [main] ERROR o.s.boot.SpringApplication - Application run failed
org.springframework.beans.factory.BeanCreationException: Error creating bean with name 'rabbitMQConfig': Injection of autowired dependencies failed
	at org.springframework.beans.factory.annotation.AutowiredAnnotationBeanPostProcessor.postProcessProperties(AutowiredAnnotationBeanPostProcessor.java:515)
	at org.springframework.beans.factory.support.AbstractAutowireCapableBeanFactory.populateBean(AbstractAutowireCapableBeanFactory.java:1441)
	at org.springframework.beans.factory.support.AbstractAutowireCapableBeanFactory.doCreateBean(AbstractAutowireCapableBeanFactory.java:600)
	at org.springframework.beans.factory.support.AbstractAutowireCapableBeanFactory.createBean(AbstractAutowireCapableBeanFactory.java:523)
	at org.springframework.beans.factory.support.AbstractBeanFactory.lambda$doGetBean$0(AbstractBeanFactory.java:336)
	at org.springframework.beans.factory.support.DefaultSingletonBeanRegistry.getSingleton(DefaultSingletonBeanRegistry.java:289)
	at org.springframework.beans.factory.support.AbstractBeanFactory.doGetBean(AbstractBeanFactory.java:334)
	at org.springframework.beans.factory.support.AbstractBeanFactory.getBean(AbstractBeanFactory.java:199)
	at org.springframework.beans.factory.support.DefaultListableBeanFactory.instantiateSingleton(DefaultListableBeanFactory.java:1122)
	at org.springframework.beans.factory.support.DefaultListableBeanFactory.preInstantiateSingleton(DefaultListableBeanFactory.java:1093)
	at org.springframework.beans.factory.support.DefaultListableBeanFactory.preInstantiateSingletons(DefaultListableBeanFactory.java:1030)
	at org.springframework.context.support.AbstractApplicationContext.finishBeanFactoryInitialization(AbstractApplicationContext.java:987)
	at org.springframework.context.support.AbstractApplicationContext.refresh(AbstractApplicationContext.java:627)
	at org.springframework.boot.web.servlet.context.ServletWebServerApplicationContext.refresh(ServletWebServerApplicationContext.java:146)
	at org.springframework.boot.SpringApplication.refresh(SpringApplication.java:752)
	at org.springframework.boot.SpringApplication.refreshContext(SpringApplication.java:439)
	at org.springframework.boot.SpringApplication.run(SpringApplication.java:318)
	at org.springframework.boot.SpringApplication.run(SpringApplication.java:1361)
	at org.springframework.boot.SpringApplication.run(SpringApplication.java:1350)
	at com.example.gateway.GatewayApplication.main(GatewayApplication.java:10)
	at java.base/jdk.internal.reflect.NativeMethodAccessorImpl.invoke0(Native Method)
	at java.base/jdk.internal.reflect.NativeMethodAccessorImpl.invoke(NativeMethodAccessorImpl.java:78)
	at java.base/jdk.internal.reflect.DelegatingMethodAccessorImpl.invoke(DelegatingMethodAccessorImpl.java:43)
	at java.base/java.lang.reflect.Method.invoke(Method.java:568)
	at org.springframework.boot.loader.launch.Launcher.launch(Launcher.java:102)
	at org.springframework.boot.loader.launch.Launcher.launch(Launcher.java:64)
	at org.springframework.boot.loader.launch.JarLauncher.main(JarLauncher.java:40)
Caused by: org.springframework.util.PlaceholderResolutionException: Could not resolve placeholder 'rabbitmq.queues.employee-created' in value "${rabbitmq.queues.employee-created}"
	at org.springframework.util.PlaceholderResolutionException.withValue(PlaceholderResolutionException.java:81)
	at org.springframework.util.PlaceholderParser$ParsedValue.resolve(PlaceholderParser.java:416)
	at org.springframework.util.PlaceholderParser.replacePlaceholders(PlaceholderParser.java:128)
	at org.springframework.util.PropertyPlaceholderHelper.parseStringValue(PropertyPlaceholderHelper.java:118)
	at org.springframework.util.PropertyPlaceholderHelper.replacePlaceholders(PropertyPlaceholderHelper.java:114)
	at org.springframework.core.env.AbstractPropertyResolver.doResolvePlaceholders(AbstractPropertyResolver.java:255)
	at org.springframework.core.env.AbstractPropertyResolver.resolveRequiredPlaceholders(AbstractPropertyResolver.java:226)
	at org.springframework.context.support.PropertySourcesPlaceholderConfigurer.lambda$processProperties$0(PropertySourcesPlaceholderConfigurer.java:201)
	at org.springframework.beans.factory.support.AbstractBeanFactory.resolveEmbeddedValue(AbstractBeanFactory.java:963)
	at org.springframework.beans.factory.support.DefaultListableBeanFactory.doResolveDependency(DefaultListableBeanFactory.java:1541)
	at org.springframework.beans.factory.support.DefaultListableBeanFactory.resolveDependency(DefaultListableBeanFactory.java:1519)
	at org.springframework.beans.factory.annotation.AutowiredAnnotationBeanPostProcessor$AutowiredFieldElement.resolveFieldValue(AutowiredAnnotationBeanPostProcessor.java:785)
	at org.springframework.beans.factory.annotation.AutowiredAnnotationBeanPostProcessor$AutowiredFieldElement.inject(AutowiredAnnotationBeanPostProcessor.java:768)
	at org.springframework.beans.factory.annotation.InjectionMetadata.inject(InjectionMetadata.java:146)
	at org.springframework.beans.factory.annotation.AutowiredAnnotationBeanPostProcessor.postProcessProperties(AutowiredAnnotationBeanPostProcessor.java:509)
	... 26 common frames omitted
2025-01-07 13:55:01 [main] INFO  c.example.gateway.GatewayApplication - Starting GatewayApplication v0.0.1-SNAPSHOT using Java 17-ea with PID 1 (/app/app.jar started by root in /app)
2025-01-07 13:55:01 [main] INFO  c.example.gateway.GatewayApplication - No active profile set, falling back to 1 default profile: "default"
2025-01-07 13:55:03 [main] INFO  o.s.d.r.c.RepositoryConfigurationDelegate - Multiple Spring Data modules found, entering strict repository configuration mode
2025-01-07 13:55:03 [main] INFO  o.s.d.r.c.RepositoryConfigurationDelegate - Bootstrapping Spring Data Redis repositories in DEFAULT mode.
2025-01-07 13:55:03 [main] INFO  o.s.d.r.c.RepositoryConfigurationDelegate - Finished Spring Data repository scanning in 33 ms. Found 0 Redis repository interfaces.
2025-01-07 13:55:05 [main] INFO  o.s.b.w.e.tomcat.TomcatWebServer - Tomcat initialized with port 8080 (http)
2025-01-07 13:55:05 [main] INFO  o.a.coyote.http11.Http11NioProtocol - Initializing ProtocolHandler ["http-nio-8080"]
2025-01-07 13:55:05 [main] INFO  o.a.catalina.core.StandardService - Starting service [Tomcat]
2025-01-07 13:55:05 [main] INFO  o.a.catalina.core.StandardEngine - Starting Servlet engine: [Apache Tomcat/10.1.34]
2025-01-07 13:55:05 [main] INFO  o.a.c.c.C.[Tomcat].[localhost].[/] - Initializing Spring embedded WebApplicationContext
2025-01-07 13:55:05 [main] INFO  o.s.b.w.s.c.ServletWebServerApplicationContext - Root WebApplicationContext: initialization completed in 3673 ms
2025-01-07 13:55:10 [main] INFO  o.s.b.a.e.web.EndpointLinksResolver - Exposing 3 endpoints beneath base path '/actuator'
2025-01-07 13:55:10 [main] INFO  o.a.coyote.http11.Http11NioProtocol - Starting ProtocolHandler ["http-nio-8080"]
2025-01-07 13:55:10 [main] INFO  o.s.b.w.e.tomcat.TomcatWebServer - Tomcat started on port 8080 (http) with context path '/'
2025-01-07 13:55:10 [main] INFO  c.example.gateway.GatewayApplication - Started GatewayApplication in 10.521 seconds (process running for 12.538)
2025-01-07 13:56:18 [http-nio-8080-exec-1] INFO  o.a.c.c.C.[Tomcat].[localhost].[/] - Initializing Spring DispatcherServlet 'dispatcherServlet'
2025-01-07 13:56:18 [http-nio-8080-exec-1] INFO  o.s.web.servlet.DispatcherServlet - Initializing Servlet 'dispatcherServlet'
2025-01-07 13:56:18 [http-nio-8080-exec-1] INFO  o.s.web.servlet.DispatcherServlet - Completed initialization in 1 ms
2025-01-07 13:56:18 [http-nio-8080-exec-1] INFO  c.e.gateway.rest.EmployeeController - GET request for all employees
2025-01-07 13:56:25 [http-nio-8080-exec-3] INFO  c.e.gateway.rest.EmployeeController - POST request to create employee: EmployeeDto(id=2, name=John Doe Jr., position=Developer, salary=70000, hireDate=2023-01-01)
2025-01-07 13:56:25 [http-nio-8080-exec-3] INFO  o.s.a.r.c.CachingConnectionFactory - Attempting to connect to: [rabbitmq:5672]
2025-01-07 13:56:25 [http-nio-8080-exec-3] INFO  o.s.a.r.c.CachingConnectionFactory - Created new connection: rabbitConnectionFactory#5beb6be2:0/SimpleConnection@1164af29 [delegate=amqp://guest@172.18.0.4:5672/, localPort=33684]
2025-01-07 13:56:25 [http-nio-8080-exec-3] INFO  o.s.amqp.rabbit.core.RabbitAdmin - Auto-declaring a non-durable, auto-delete, or exclusive Queue (employeeCreated) durable:false, auto-delete:false, exclusive:false. It will be redeclared if the broker stops and is restarted while the connection factory is alive, but all messages will be lost.
2025-01-07 13:56:25 [http-nio-8080-exec-3] INFO  o.s.amqp.rabbit.core.RabbitAdmin - Auto-declaring a non-durable, auto-delete, or exclusive Queue (employeeUpdated) durable:false, auto-delete:false, exclusive:false. It will be redeclared if the broker stops and is restarted while the connection factory is alive, but all messages will be lost.
2025-01-07 13:56:25 [http-nio-8080-exec-3] INFO  o.s.amqp.rabbit.core.RabbitAdmin - Auto-declaring a non-durable, auto-delete, or exclusive Queue (employeeDeleted) durable:false, auto-delete:false, exclusive:false. It will be redeclared if the broker stops and is restarted while the connection factory is alive, but all messages will be lost.
2025-01-07 14:00:12 [http-nio-8080-exec-6] INFO  c.e.gateway.rest.EmployeeController - POST request to create employee: EmployeeDto(id=2, name=John Doe Jr., position=Developer, salary=70000, hireDate=2023-01-01)
2025-01-07 14:00:15 [http-nio-8080-exec-7] INFO  c.e.gateway.rest.EmployeeController - GET request for all employees
2025-01-07 14:03:21 [SpringApplicationShutdownHook] INFO  o.s.b.w.e.tomcat.GracefulShutdown - Commencing graceful shutdown. Waiting for active requests to complete
2025-01-07 14:03:21 [tomcat-shutdown] INFO  o.s.b.w.e.tomcat.GracefulShutdown - Graceful shutdown complete
2025-01-07 14:04:22 [main] INFO  c.example.gateway.GatewayApplication - Starting GatewayApplication v0.0.1-SNAPSHOT using Java 17-ea with PID 1 (/app/app.jar started by root in /app)
2025-01-07 14:04:22 [main] INFO  c.example.gateway.GatewayApplication - No active profile set, falling back to 1 default profile: "default"
2025-01-07 14:04:24 [main] INFO  o.s.d.r.c.RepositoryConfigurationDelegate - Multiple Spring Data modules found, entering strict repository configuration mode
2025-01-07 14:04:24 [main] INFO  o.s.d.r.c.RepositoryConfigurationDelegate - Bootstrapping Spring Data Redis repositories in DEFAULT mode.
2025-01-07 14:04:24 [main] INFO  o.s.d.r.c.RepositoryConfigurationDelegate - Finished Spring Data repository scanning in 26 ms. Found 0 Redis repository interfaces.
2025-01-07 14:04:25 [main] INFO  o.s.b.w.e.tomcat.TomcatWebServer - Tomcat initialized with port 8080 (http)
2025-01-07 14:04:25 [main] INFO  o.a.coyote.http11.Http11NioProtocol - Initializing ProtocolHandler ["http-nio-8080"]
2025-01-07 14:04:25 [main] INFO  o.a.catalina.core.StandardService - Starting service [Tomcat]
2025-01-07 14:04:25 [main] INFO  o.a.catalina.core.StandardEngine - Starting Servlet engine: [Apache Tomcat/10.1.34]
2025-01-07 14:04:26 [main] INFO  o.a.c.c.C.[Tomcat].[localhost].[/] - Initializing Spring embedded WebApplicationContext
2025-01-07 14:04:26 [main] INFO  o.s.b.w.s.c.ServletWebServerApplicationContext - Root WebApplicationContext: initialization completed in 3719 ms
2025-01-07 14:04:31 [main] INFO  o.s.b.a.e.web.EndpointLinksResolver - Exposing 3 endpoints beneath base path '/actuator'
2025-01-07 14:04:31 [main] INFO  o.a.coyote.http11.Http11NioProtocol - Starting ProtocolHandler ["http-nio-8080"]
2025-01-07 14:04:31 [main] INFO  o.s.b.w.e.tomcat.TomcatWebServer - Tomcat started on port 8080 (http) with context path '/'
2025-01-07 14:04:32 [main] INFO  c.example.gateway.GatewayApplication - Started GatewayApplication in 11.38 seconds (process running for 14.191)
2025-01-07 14:05:24 [SpringApplicationShutdownHook] INFO  o.s.b.w.e.tomcat.GracefulShutdown - Commencing graceful shutdown. Waiting for active requests to complete
2025-01-07 14:05:24 [tomcat-shutdown] INFO  o.s.b.w.e.tomcat.GracefulShutdown - Graceful shutdown complete
2025-01-07 14:06:13 [main] INFO  c.example.gateway.GatewayApplication - Starting GatewayApplication v0.0.1-SNAPSHOT using Java 17-ea with PID 1 (/app/app.jar started by root in /app)
2025-01-07 14:06:13 [main] INFO  c.example.gateway.GatewayApplication - No active profile set, falling back to 1 default profile: "default"
2025-01-07 14:06:16 [main] INFO  o.s.d.r.c.RepositoryConfigurationDelegate - Multiple Spring Data modules found, entering strict repository configuration mode
2025-01-07 14:06:16 [main] INFO  o.s.d.r.c.RepositoryConfigurationDelegate - Bootstrapping Spring Data Redis repositories in DEFAULT mode.
2025-01-07 14:06:16 [main] INFO  o.s.d.r.c.RepositoryConfigurationDelegate - Finished Spring Data repository scanning in 36 ms. Found 0 Redis repository interfaces.
2025-01-07 14:06:17 [main] INFO  o.s.b.w.e.tomcat.TomcatWebServer - Tomcat initialized with port 8080 (http)
2025-01-07 14:06:17 [main] INFO  o.a.coyote.http11.Http11NioProtocol - Initializing ProtocolHandler ["http-nio-8080"]
2025-01-07 14:06:17 [main] INFO  o.a.catalina.core.StandardService - Starting service [Tomcat]
2025-01-07 14:06:17 [main] INFO  o.a.catalina.core.StandardEngine - Starting Servlet engine: [Apache Tomcat/10.1.34]
2025-01-07 14:06:17 [main] INFO  o.a.c.c.C.[Tomcat].[localhost].[/] - Initializing Spring embedded WebApplicationContext
2025-01-07 14:06:17 [main] INFO  o.s.b.w.s.c.ServletWebServerApplicationContext - Root WebApplicationContext: initialization completed in 3859 ms
2025-01-07 14:06:22 [main] INFO  o.s.b.a.e.web.EndpointLinksResolver - Exposing 3 endpoints beneath base path '/actuator'
2025-01-07 14:06:22 [main] INFO  o.a.coyote.http11.Http11NioProtocol - Starting ProtocolHandler ["http-nio-8080"]
2025-01-07 14:06:22 [main] INFO  o.s.b.w.e.tomcat.TomcatWebServer - Tomcat started on port 8080 (http) with context path '/'
2025-01-07 14:06:22 [main] INFO  c.example.gateway.GatewayApplication - Started GatewayApplication in 10.536 seconds (process running for 13.111)
2025-01-07 14:06:54 [http-nio-8080-exec-2] INFO  o.a.c.c.C.[Tomcat].[localhost].[/] - Initializing Spring DispatcherServlet 'dispatcherServlet'
2025-01-07 14:06:54 [http-nio-8080-exec-2] INFO  o.s.web.servlet.DispatcherServlet - Initializing Servlet 'dispatcherServlet'
2025-01-07 14:06:54 [http-nio-8080-exec-2] INFO  o.s.web.servlet.DispatcherServlet - Completed initialization in 1 ms
2025-01-07 14:06:54 [http-nio-8080-exec-2] INFO  c.e.gateway.rest.EmployeeController - GET request for all employees
2025-01-07 14:06:59 [http-nio-8080-exec-3] INFO  c.e.gateway.rest.EmployeeController - POST request to create employee: EmployeeDto(id=2, name=John Doe Jr., position=Developer, salary=70000, hireDate=2023-01-01)
2025-01-07 14:06:59 [http-nio-8080-exec-3] INFO  o.s.a.r.c.CachingConnectionFactory - Attempting to connect to: [rabbitmq:5672]
2025-01-07 14:06:59 [http-nio-8080-exec-3] INFO  o.s.a.r.c.CachingConnectionFactory - Created new connection: rabbitConnectionFactory#29c1249a:0/SimpleConnection@74fed250 [delegate=amqp://guest@172.18.0.2:5672/, localPort=51674]
2025-01-07 14:06:59 [http-nio-8080-exec-3] INFO  o.s.amqp.rabbit.core.RabbitAdmin - Auto-declaring a non-durable, auto-delete, or exclusive Queue (employeeCreated) durable:false, auto-delete:false, exclusive:false. It will be redeclared if the broker stops and is restarted while the connection factory is alive, but all messages will be lost.
2025-01-07 14:06:59 [http-nio-8080-exec-3] INFO  o.s.amqp.rabbit.core.RabbitAdmin - Auto-declaring a non-durable, auto-delete, or exclusive Queue (employeeUpdated) durable:false, auto-delete:false, exclusive:false. It will be redeclared if the broker stops and is restarted while the connection factory is alive, but all messages will be lost.
2025-01-07 14:06:59 [http-nio-8080-exec-3] INFO  o.s.amqp.rabbit.core.RabbitAdmin - Auto-declaring a non-durable, auto-delete, or exclusive Queue (employeeDeleted) durable:false, auto-delete:false, exclusive:false. It will be redeclared if the broker stops and is restarted while the connection factory is alive, but all messages will be lost.
2025-01-07 14:07:03 [http-nio-8080-exec-4] INFO  c.e.gateway.rest.EmployeeController - POST request to create employee: EmployeeDto(id=2, name=John Doe Jr., position=Developer, salary=70000, hireDate=2023-01-01)
2025-01-07 14:07:07 [http-nio-8080-exec-5] INFO  c.e.gateway.rest.EmployeeController - GET request for all employees
2025-01-07 14:10:31 [http-nio-8080-exec-8] INFO  c.e.gateway.rest.EmployeeController - GET request for all employees
2025-01-07 14:10:59 [http-nio-8080-exec-9] INFO  c.e.gateway.rest.EmployeeController - POST request to create employee: EmployeeDto(id=null, name=John Doe Jr., position=Developer, salary=70000, hireDate=2023-01-01)
2025-01-07 14:11:17 [http-nio-8080-exec-10] INFO  c.e.gateway.rest.EmployeeController - POST request to create employee: EmployeeDto(id=null, name=John Doe Jr.2, position=Developer, salary=70000, hireDate=2023-01-01)
2025-01-07 14:11:34 [http-nio-8080-exec-1] INFO  c.e.gateway.rest.EmployeeController - GET request for all employees
2025-01-07 14:27:01 [SpringApplicationShutdownHook] INFO  o.s.b.w.e.tomcat.GracefulShutdown - Commencing graceful shutdown. Waiting for active requests to complete
2025-01-07 14:27:01 [tomcat-shutdown] INFO  o.s.b.w.e.tomcat.GracefulShutdown - Graceful shutdown complete
2025-01-07 14:28:46 [main] INFO  c.example.gateway.GatewayApplication - Starting GatewayApplication v0.0.1-SNAPSHOT using Java 17-ea with PID 1 (/app/app.jar started by root in /app)
2025-01-07 14:28:46 [main] INFO  c.example.gateway.GatewayApplication - No active profile set, falling back to 1 default profile: "default"
2025-01-07 14:28:56 [main] INFO  o.s.d.r.c.RepositoryConfigurationDelegate - Multiple Spring Data modules found, entering strict repository configuration mode
2025-01-07 14:28:57 [main] INFO  o.s.d.r.c.RepositoryConfigurationDelegate - Bootstrapping Spring Data Redis repositories in DEFAULT mode.
2025-01-07 14:28:57 [main] INFO  o.s.d.r.c.RepositoryConfigurationDelegate - Finished Spring Data repository scanning in 28 ms. Found 0 Redis repository interfaces.
2025-01-07 14:28:59 [main] INFO  o.s.b.w.e.tomcat.TomcatWebServer - Tomcat initialized with port 8080 (http)
2025-01-07 14:28:59 [main] INFO  o.a.coyote.http11.Http11NioProtocol - Initializing ProtocolHandler ["http-nio-8080"]
2025-01-07 14:28:59 [main] INFO  o.a.catalina.core.StandardService - Starting service [Tomcat]
2025-01-07 14:28:59 [main] INFO  o.a.catalina.core.StandardEngine - Starting Servlet engine: [Apache Tomcat/10.1.34]
2025-01-07 14:29:01 [main] INFO  o.a.c.c.C.[Tomcat].[localhost].[/] - Initializing Spring embedded WebApplicationContext
2025-01-07 14:29:01 [main] INFO  o.s.b.w.s.c.ServletWebServerApplicationContext - Root WebApplicationContext: initialization completed in 12988 ms
2025-01-07 14:31:10 [main] INFO  c.example.gateway.GatewayApplication - Starting GatewayApplication v0.0.1-SNAPSHOT using Java 17-ea with PID 1 (/app/app.jar started by root in /app)
2025-01-07 14:31:10 [main] INFO  c.example.gateway.GatewayApplication - No active profile set, falling back to 1 default profile: "default"
2025-01-07 14:31:14 [main] INFO  o.s.d.r.c.RepositoryConfigurationDelegate - Multiple Spring Data modules found, entering strict repository configuration mode
2025-01-07 14:31:14 [main] INFO  o.s.d.r.c.RepositoryConfigurationDelegate - Bootstrapping Spring Data Redis repositories in DEFAULT mode.
2025-01-07 14:31:15 [main] INFO  o.s.d.r.c.RepositoryConfigurationDelegate - Finished Spring Data repository scanning in 57 ms. Found 0 Redis repository interfaces.
2025-01-07 14:31:19 [main] INFO  o.s.b.w.e.tomcat.TomcatWebServer - Tomcat initialized with port 8080 (http)
2025-01-07 14:31:19 [main] INFO  o.a.coyote.http11.Http11NioProtocol - Initializing ProtocolHandler ["http-nio-8080"]
2025-01-07 14:31:19 [main] INFO  o.a.catalina.core.StandardService - Starting service [Tomcat]
2025-01-07 14:31:19 [main] INFO  o.a.catalina.core.StandardEngine - Starting Servlet engine: [Apache Tomcat/10.1.34]
2025-01-07 14:31:19 [main] INFO  o.a.c.c.C.[Tomcat].[localhost].[/] - Initializing Spring embedded WebApplicationContext
2025-01-07 14:31:19 [main] INFO  o.s.b.w.s.c.ServletWebServerApplicationContext - Root WebApplicationContext: initialization completed in 8665 ms
2025-01-07 14:31:24 [main] INFO  o.s.b.a.e.web.EndpointLinksResolver - Exposing 3 endpoints beneath base path '/actuator'
2025-01-07 14:31:24 [main] INFO  o.a.coyote.http11.Http11NioProtocol - Starting ProtocolHandler ["http-nio-8080"]
2025-01-07 14:31:24 [main] INFO  o.s.b.w.e.tomcat.TomcatWebServer - Tomcat started on port 8080 (http) with context path '/'
2025-01-07 14:31:24 [main] INFO  c.example.gateway.GatewayApplication - Started GatewayApplication in 15.078 seconds (process running for 18.377)
2025-01-07 14:31:33 [http-nio-8080-exec-1] INFO  o.a.c.c.C.[Tomcat].[localhost].[/] - Initializing Spring DispatcherServlet 'dispatcherServlet'
2025-01-07 14:31:33 [http-nio-8080-exec-1] INFO  o.s.web.servlet.DispatcherServlet - Initializing Servlet 'dispatcherServlet'
2025-01-07 14:31:33 [http-nio-8080-exec-1] INFO  o.s.web.servlet.DispatcherServlet - Completed initialization in 1 ms
2025-01-07 14:37:04 [SpringApplicationShutdownHook] INFO  o.s.b.w.e.tomcat.GracefulShutdown - Commencing graceful shutdown. Waiting for active requests to complete
2025-01-07 14:37:04 [tomcat-shutdown] INFO  o.s.b.w.e.tomcat.GracefulShutdown - Graceful shutdown complete
2025-01-07 14:37:38 [main] INFO  c.example.gateway.GatewayApplication - Starting GatewayApplication v0.0.1-SNAPSHOT using Java 17-ea with PID 1 (/app/app.jar started by root in /app)
2025-01-07 14:37:38 [main] INFO  c.example.gateway.GatewayApplication - No active profile set, falling back to 1 default profile: "default"
2025-01-07 14:37:43 [main] INFO  o.s.d.r.c.RepositoryConfigurationDelegate - Multiple Spring Data modules found, entering strict repository configuration mode
2025-01-07 14:37:43 [main] INFO  o.s.d.r.c.RepositoryConfigurationDelegate - Bootstrapping Spring Data Redis repositories in DEFAULT mode.
2025-01-07 14:37:44 [main] INFO  o.s.d.r.c.RepositoryConfigurationDelegate - Finished Spring Data repository scanning in 94 ms. Found 0 Redis repository interfaces.
2025-01-07 14:37:46 [main] INFO  o.s.b.w.e.tomcat.TomcatWebServer - Tomcat initialized with port 8080 (http)
2025-01-07 14:37:46 [main] INFO  o.a.coyote.http11.Http11NioProtocol - Initializing ProtocolHandler ["http-nio-8080"]
2025-01-07 14:37:46 [main] INFO  o.a.catalina.core.StandardService - Starting service [Tomcat]
2025-01-07 14:37:46 [main] INFO  o.a.catalina.core.StandardEngine - Starting Servlet engine: [Apache Tomcat/10.1.34]
2025-01-07 14:37:46 [main] INFO  o.a.c.c.C.[Tomcat].[localhost].[/] - Initializing Spring embedded WebApplicationContext
2025-01-07 14:37:46 [main] INFO  o.s.b.w.s.c.ServletWebServerApplicationContext - Root WebApplicationContext: initialization completed in 7171 ms
2025-01-07 14:37:54 [main] INFO  o.s.b.a.e.web.EndpointLinksResolver - Exposing 3 endpoints beneath base path '/actuator'
2025-01-07 14:37:54 [main] INFO  o.a.coyote.http11.Http11NioProtocol - Starting ProtocolHandler ["http-nio-8080"]
2025-01-07 14:37:54 [main] INFO  o.s.b.w.e.tomcat.TomcatWebServer - Tomcat started on port 8080 (http) with context path '/'
2025-01-07 14:37:54 [main] INFO  c.example.gateway.GatewayApplication - Started GatewayApplication in 16.887 seconds (process running for 20.408)
2025-01-07 14:38:00 [http-nio-8080-exec-1] INFO  o.a.c.c.C.[Tomcat].[localhost].[/] - Initializing Spring DispatcherServlet 'dispatcherServlet'
2025-01-07 14:38:00 [http-nio-8080-exec-1] INFO  o.s.web.servlet.DispatcherServlet - Initializing Servlet 'dispatcherServlet'
2025-01-07 14:38:00 [http-nio-8080-exec-1] INFO  o.s.web.servlet.DispatcherServlet - Completed initialization in 3 ms
2025-01-07 14:40:46 [http-nio-8080-exec-4] INFO  c.e.gateway.rest.EmployeeController - GET request for all employees
2025-01-07 14:40:51 [http-nio-8080-exec-5] INFO  c.e.gateway.rest.EmployeeController - POST request to create employee: EmployeeDto(id=null, name=John Doe Jr.2, position=Developer, salary=70000, hireDate=2023-01-01)
2025-01-07 14:40:51 [http-nio-8080-exec-5] INFO  o.s.a.r.c.CachingConnectionFactory - Attempting to connect to: [rabbitmq:5672]
2025-01-07 14:40:51 [http-nio-8080-exec-5] INFO  o.s.a.r.c.CachingConnectionFactory - Created new connection: rabbitConnectionFactory#29c1249a:0/SimpleConnection@69f2cd1 [delegate=amqp://guest@172.18.0.5:5672/, localPort=52410]
2025-01-07 14:40:51 [http-nio-8080-exec-5] INFO  o.s.amqp.rabbit.core.RabbitAdmin - Auto-declaring a non-durable, auto-delete, or exclusive Queue (employeeCreated) durable:false, auto-delete:false, exclusive:false. It will be redeclared if the broker stops and is restarted while the connection factory is alive, but all messages will be lost.
2025-01-07 14:40:51 [http-nio-8080-exec-5] INFO  o.s.amqp.rabbit.core.RabbitAdmin - Auto-declaring a non-durable, auto-delete, or exclusive Queue (employeeUpdated) durable:false, auto-delete:false, exclusive:false. It will be redeclared if the broker stops and is restarted while the connection factory is alive, but all messages will be lost.
2025-01-07 14:40:51 [http-nio-8080-exec-5] INFO  o.s.amqp.rabbit.core.RabbitAdmin - Auto-declaring a non-durable, auto-delete, or exclusive Queue (employeeDeleted) durable:false, auto-delete:false, exclusive:false. It will be redeclared if the broker stops and is restarted while the connection factory is alive, but all messages will be lost.
2025-01-07 14:40:55 [http-nio-8080-exec-6] INFO  c.e.gateway.rest.EmployeeController - GET request for all employees
2025-01-07 14:43:47 [SpringApplicationShutdownHook] INFO  o.s.b.w.e.tomcat.GracefulShutdown - Commencing graceful shutdown. Waiting for active requests to complete
2025-01-07 14:43:47 [tomcat-shutdown] INFO  o.s.b.w.e.tomcat.GracefulShutdown - Graceful shutdown complete
2025-01-07 14:44:09 [main] INFO  c.example.gateway.GatewayApplication - Starting GatewayApplication v0.0.1-SNAPSHOT using Java 17-ea with PID 1 (/app/app.jar started by root in /app)
2025-01-07 14:44:09 [main] INFO  c.example.gateway.GatewayApplication - No active profile set, falling back to 1 default profile: "default"
2025-01-07 14:44:12 [main] INFO  o.s.d.r.c.RepositoryConfigurationDelegate - Multiple Spring Data modules found, entering strict repository configuration mode
2025-01-07 14:44:13 [main] INFO  o.s.d.r.c.RepositoryConfigurationDelegate - Bootstrapping Spring Data Redis repositories in DEFAULT mode.
2025-01-07 14:44:13 [main] INFO  o.s.d.r.c.RepositoryConfigurationDelegate - Finished Spring Data repository scanning in 31 ms. Found 0 Redis repository interfaces.
2025-01-07 14:44:14 [main] INFO  o.s.b.w.e.tomcat.TomcatWebServer - Tomcat initialized with port 8080 (http)
2025-01-07 14:44:15 [main] INFO  o.a.coyote.http11.Http11NioProtocol - Initializing ProtocolHandler ["http-nio-8080"]
2025-01-07 14:44:15 [main] INFO  o.a.catalina.core.StandardService - Starting service [Tomcat]
2025-01-07 14:44:15 [main] INFO  o.a.catalina.core.StandardEngine - Starting Servlet engine: [Apache Tomcat/10.1.34]
2025-01-07 14:44:15 [main] INFO  o.a.c.c.C.[Tomcat].[localhost].[/] - Initializing Spring embedded WebApplicationContext
2025-01-07 14:44:15 [main] INFO  o.s.b.w.s.c.ServletWebServerApplicationContext - Root WebApplicationContext: initialization completed in 5817 ms
2025-01-07 14:44:23 [main] INFO  o.s.b.a.e.web.EndpointLinksResolver - Exposing 3 endpoints beneath base path '/actuator'
2025-01-07 14:44:23 [main] INFO  o.a.coyote.http11.Http11NioProtocol - Starting ProtocolHandler ["http-nio-8080"]
2025-01-07 14:44:23 [main] INFO  o.s.b.w.e.tomcat.TomcatWebServer - Tomcat started on port 8080 (http) with context path '/'
2025-01-07 14:44:23 [main] INFO  c.example.gateway.GatewayApplication - Started GatewayApplication in 16.129 seconds (process running for 18.866)
2025-01-07 14:44:37 [http-nio-8080-exec-1] INFO  o.a.c.c.C.[Tomcat].[localhost].[/] - Initializing Spring DispatcherServlet 'dispatcherServlet'
2025-01-07 14:44:37 [http-nio-8080-exec-1] INFO  o.s.web.servlet.DispatcherServlet - Initializing Servlet 'dispatcherServlet'
2025-01-07 14:44:37 [http-nio-8080-exec-1] INFO  o.s.web.servlet.DispatcherServlet - Completed initialization in 2 ms
2025-01-07 14:44:37 [http-nio-8080-exec-3] INFO  c.e.gateway.rest.EmployeeController - GET request for all employees
2025-01-07 14:44:43 [http-nio-8080-exec-5] INFO  c.e.gateway.rest.EmployeeController - POST request to create employee: EmployeeDto(id=null, name=John Doe Jr.2, position=Developer, salary=70000, hireDate=2023-01-01)
2025-01-07 14:44:43 [http-nio-8080-exec-5] INFO  o.s.a.r.c.CachingConnectionFactory - Attempting to connect to: [rabbitmq:5672]
2025-01-07 14:44:43 [http-nio-8080-exec-5] INFO  o.s.a.r.c.CachingConnectionFactory - Created new connection: rabbitConnectionFactory#16c5b50a:0/SimpleConnection@66e9107c [delegate=amqp://guest@172.18.0.5:5672/, localPort=46206]
2025-01-07 14:44:43 [http-nio-8080-exec-5] INFO  o.s.amqp.rabbit.core.RabbitAdmin - Auto-declaring a non-durable, auto-delete, or exclusive Queue (employeeCreated) durable:false, auto-delete:false, exclusive:false. It will be redeclared if the broker stops and is restarted while the connection factory is alive, but all messages will be lost.
2025-01-07 14:44:43 [http-nio-8080-exec-5] INFO  o.s.amqp.rabbit.core.RabbitAdmin - Auto-declaring a non-durable, auto-delete, or exclusive Queue (employeeUpdated) durable:false, auto-delete:false, exclusive:false. It will be redeclared if the broker stops and is restarted while the connection factory is alive, but all messages will be lost.
2025-01-07 14:44:43 [http-nio-8080-exec-5] INFO  o.s.amqp.rabbit.core.RabbitAdmin - Auto-declaring a non-durable, auto-delete, or exclusive Queue (employeeDeleted) durable:false, auto-delete:false, exclusive:false. It will be redeclared if the broker stops and is restarted while the connection factory is alive, but all messages will be lost.
2025-01-07 14:44:47 [http-nio-8080-exec-4] INFO  c.e.gateway.rest.EmployeeController - GET request for all employees
2025-01-07 14:45:05 [SpringApplicationShutdownHook] INFO  o.s.b.w.e.tomcat.GracefulShutdown - Commencing graceful shutdown. Waiting for active requests to complete
2025-01-07 14:45:05 [tomcat-shutdown] INFO  o.s.b.w.e.tomcat.GracefulShutdown - Graceful shutdown complete
2025-01-07 14:45:56 [main] INFO  c.example.gateway.GatewayApplication - Starting GatewayApplication v0.0.1-SNAPSHOT using Java 17-ea with PID 1 (/app/app.jar started by root in /app)
2025-01-07 14:45:56 [main] INFO  c.example.gateway.GatewayApplication - No active profile set, falling back to 1 default profile: "default"
2025-01-07 14:46:02 [main] INFO  o.s.d.r.c.RepositoryConfigurationDelegate - Multiple Spring Data modules found, entering strict repository configuration mode
2025-01-07 14:46:02 [main] INFO  o.s.d.r.c.RepositoryConfigurationDelegate - Bootstrapping Spring Data Redis repositories in DEFAULT mode.
2025-01-07 14:46:02 [main] INFO  o.s.d.r.c.RepositoryConfigurationDelegate - Finished Spring Data repository scanning in 29 ms. Found 0 Redis repository interfaces.
2025-01-07 14:46:03 [main] INFO  o.s.b.w.e.tomcat.TomcatWebServer - Tomcat initialized with port 8080 (http)
2025-01-07 14:46:03 [main] INFO  o.a.coyote.http11.Http11NioProtocol - Initializing ProtocolHandler ["http-nio-8080"]
2025-01-07 14:46:03 [main] INFO  o.a.catalina.core.StandardService - Starting service [Tomcat]
2025-01-07 14:46:03 [main] INFO  o.a.catalina.core.StandardEngine - Starting Servlet engine: [Apache Tomcat/10.1.34]
2025-01-07 14:46:04 [main] INFO  o.a.c.c.C.[Tomcat].[localhost].[/] - Initializing Spring embedded WebApplicationContext
2025-01-07 14:46:04 [main] INFO  o.s.b.w.s.c.ServletWebServerApplicationContext - Root WebApplicationContext: initialization completed in 7103 ms
2025-01-07 14:46:16 [main] INFO  o.s.b.a.e.web.EndpointLinksResolver - Exposing 3 endpoints beneath base path '/actuator'
2025-01-07 14:46:16 [main] INFO  o.a.coyote.http11.Http11NioProtocol - Starting ProtocolHandler ["http-nio-8080"]
2025-01-07 14:46:17 [main] INFO  o.s.b.w.e.tomcat.TomcatWebServer - Tomcat started on port 8080 (http) with context path '/'
2025-01-07 14:46:17 [main] INFO  c.example.gateway.GatewayApplication - Started GatewayApplication in 22.076 seconds (process running for 25.44)
2025-01-07 14:46:22 [http-nio-8080-exec-2] INFO  o.a.c.c.C.[Tomcat].[localhost].[/] - Initializing Spring DispatcherServlet 'dispatcherServlet'
2025-01-07 14:46:22 [http-nio-8080-exec-2] INFO  o.s.web.servlet.DispatcherServlet - Initializing Servlet 'dispatcherServlet'
2025-01-07 14:46:23 [http-nio-8080-exec-2] INFO  o.s.web.servlet.DispatcherServlet - Completed initialization in 10 ms
2025-01-07 14:47:37 [http-nio-8080-exec-7] INFO  c.e.gateway.rest.EmployeeController - GET request for all employees
2025-01-07 14:47:42 [http-nio-8080-exec-5] INFO  c.e.gateway.rest.EmployeeController - POST request to create employee: EmployeeDto(id=null, name=John Doe Jr.2, position=Developer, salary=70000, hireDate=2023-01-01)
2025-01-07 14:47:42 [http-nio-8080-exec-5] INFO  o.s.a.r.c.CachingConnectionFactory - Attempting to connect to: [rabbitmq:5672]
2025-01-07 14:47:42 [http-nio-8080-exec-5] INFO  o.s.a.r.c.CachingConnectionFactory - Created new connection: rabbitConnectionFactory#4b544732:0/SimpleConnection@6ac7f2d3 [delegate=amqp://guest@172.18.0.4:5672/, localPort=40998]
2025-01-07 14:47:42 [http-nio-8080-exec-5] INFO  o.s.amqp.rabbit.core.RabbitAdmin - Auto-declaring a non-durable, auto-delete, or exclusive Queue (employeeCreated) durable:false, auto-delete:false, exclusive:false. It will be redeclared if the broker stops and is restarted while the connection factory is alive, but all messages will be lost.
2025-01-07 14:47:42 [http-nio-8080-exec-5] INFO  o.s.amqp.rabbit.core.RabbitAdmin - Auto-declaring a non-durable, auto-delete, or exclusive Queue (employeeUpdated) durable:false, auto-delete:false, exclusive:false. It will be redeclared if the broker stops and is restarted while the connection factory is alive, but all messages will be lost.
2025-01-07 14:47:42 [http-nio-8080-exec-5] INFO  o.s.amqp.rabbit.core.RabbitAdmin - Auto-declaring a non-durable, auto-delete, or exclusive Queue (employeeDeleted) durable:false, auto-delete:false, exclusive:false. It will be redeclared if the broker stops and is restarted while the connection factory is alive, but all messages will be lost.
2025-01-07 14:47:47 [http-nio-8080-exec-9] INFO  c.e.gateway.rest.EmployeeController - GET request for all employees
2025-01-07 14:51:06 [http-nio-8080-exec-8] INFO  c.e.gateway.rest.EmployeeController - GET request for all employees
2025-01-07 14:51:51 [http-nio-8080-exec-9] INFO  c.e.gateway.rest.EmployeeController - GET request for employee with ID: 1
2025-01-07 14:52:36 [http-nio-8080-exec-4] INFO  c.e.gateway.rest.EmployeeController - POST request to create employee: EmployeeDto(id=null, name=John Doe, position=Developer, salary=70000, hireDate=2023-01-01)
2025-01-07 14:52:42 [http-nio-8080-exec-8] INFO  c.e.gateway.rest.EmployeeController - GET request for all employees
2025-01-07 14:53:32 [http-nio-8080-exec-9] WARN  o.s.w.s.m.s.DefaultHandlerExceptionResolver - Resolved [org.springframework.web.HttpRequestMethodNotSupportedException: Request method 'POST' is not supported]
2025-01-07 14:53:39 [http-nio-8080-exec-1] INFO  c.e.gateway.rest.EmployeeController - PUT request to update employee: EmployeeDto(id=1, name=Jane Doe, position=Senior Developer, salary=90000, hireDate=2023-01-01)
2025-01-07 14:53:46 [http-nio-8080-exec-3] INFO  c.e.gateway.rest.EmployeeController - GET request for employee with ID: 1
2025-01-07 14:54:16 [http-nio-8080-exec-8] INFO  c.e.gateway.rest.EmployeeController - DELETE request to delete employee with ID: 1
2025-01-07 14:54:19 [http-nio-8080-exec-10] INFO  c.e.gateway.rest.EmployeeController - GET request for all employees
2025-01-07 14:54:31 [http-nio-8080-exec-5] INFO  c.e.gateway.rest.EmployeeController - GET request for employee with ID: 1
2025-01-07 14:54:46 [http-nio-8080-exec-2] INFO  c.e.gateway.rest.EmployeeController - DELETE request to delete employee with ID: 1
2025-01-07 14:55:09 [http-nio-8080-exec-4] INFO  c.e.gateway.rest.EmployeeController - GET request for employee with ID: 1
2025-01-07 14:55:51 [http-nio-8080-exec-10] INFO  c.e.gateway.rest.EmployeeController - GET request for employee with ID: 1
2025-01-07 14:56:45 [http-nio-8080-exec-1] INFO  c.e.gateway.rest.EmployeeController - GET request for all employees
2025-01-07 15:03:26 [SpringApplicationShutdownHook] INFO  o.s.b.w.e.tomcat.GracefulShutdown - Commencing graceful shutdown. Waiting for active requests to complete
2025-01-07 15:03:26 [tomcat-shutdown] INFO  o.s.b.w.e.tomcat.GracefulShutdown - Graceful shutdown complete
2025-01-07 15:04:56 [main] INFO  c.example.gateway.GatewayApplication - Starting GatewayApplication v0.0.1-SNAPSHOT using Java 17-ea with PID 1 (/app/app.jar started by root in /app)
2025-01-07 15:04:56 [main] INFO  c.example.gateway.GatewayApplication - No active profile set, falling back to 1 default profile: "default"
2025-01-07 15:05:03 [main] INFO  o.s.d.r.c.RepositoryConfigurationDelegate - Multiple Spring Data modules found, entering strict repository configuration mode
2025-01-07 15:05:03 [main] INFO  o.s.d.r.c.RepositoryConfigurationDelegate - Bootstrapping Spring Data Redis repositories in DEFAULT mode.
2025-01-07 15:05:04 [main] INFO  o.s.d.r.c.RepositoryConfigurationDelegate - Finished Spring Data repository scanning in 70 ms. Found 0 Redis repository interfaces.
2025-01-07 15:05:06 [main] INFO  o.s.b.w.e.tomcat.TomcatWebServer - Tomcat initialized with port 8080 (http)
2025-01-07 15:05:06 [main] INFO  o.a.coyote.http11.Http11NioProtocol - Initializing ProtocolHandler ["http-nio-8080"]
2025-01-07 15:05:06 [main] INFO  o.a.catalina.core.StandardService - Starting service [Tomcat]
2025-01-07 15:05:06 [main] INFO  o.a.catalina.core.StandardEngine - Starting Servlet engine: [Apache Tomcat/10.1.34]
2025-01-07 15:05:06 [main] INFO  o.a.c.c.C.[Tomcat].[localhost].[/] - Initializing Spring embedded WebApplicationContext
2025-01-07 15:05:06 [main] INFO  o.s.b.w.s.c.ServletWebServerApplicationContext - Root WebApplicationContext: initialization completed in 9272 ms
2025-01-07 15:05:15 [main] INFO  o.s.b.a.e.web.EndpointLinksResolver - Exposing 3 endpoints beneath base path '/actuator'
2025-01-07 15:05:16 [main] INFO  o.a.coyote.http11.Http11NioProtocol - Starting ProtocolHandler ["http-nio-8080"]
2025-01-07 15:05:16 [main] INFO  o.s.b.w.e.tomcat.TomcatWebServer - Tomcat started on port 8080 (http) with context path '/'
2025-01-07 15:05:16 [main] INFO  c.example.gateway.GatewayApplication - Started GatewayApplication in 21.893 seconds (process running for 25.72)
2025-01-07 15:05:27 [http-nio-8080-exec-2] INFO  o.a.c.c.C.[Tomcat].[localhost].[/] - Initializing Spring DispatcherServlet 'dispatcherServlet'
2025-01-07 15:05:27 [http-nio-8080-exec-2] INFO  o.s.web.servlet.DispatcherServlet - Initializing Servlet 'dispatcherServlet'
2025-01-07 15:05:27 [http-nio-8080-exec-2] INFO  o.s.web.servlet.DispatcherServlet - Completed initialization in 2 ms
2025-01-07 15:05:54 [http-nio-8080-exec-5] INFO  c.e.gateway.rest.EmployeeController - GET request for all employees
2025-01-07 15:06:03 [http-nio-8080-exec-7] INFO  c.e.gateway.rest.EmployeeController - DELETE request to delete employee with ID: 1
2025-01-07 15:06:03 [http-nio-8080-exec-7] INFO  o.s.a.r.c.CachingConnectionFactory - Attempting to connect to: [rabbitmq:5672]
2025-01-07 15:06:03 [http-nio-8080-exec-7] INFO  o.s.a.r.c.CachingConnectionFactory - Created new connection: rabbitConnectionFactory#44084713:0/SimpleConnection@36ab7b2b [delegate=amqp://guest@172.18.0.4:5672/, localPort=43496]
2025-01-07 15:06:03 [http-nio-8080-exec-7] INFO  o.s.amqp.rabbit.core.RabbitAdmin - Auto-declaring a non-durable, auto-delete, or exclusive Queue (employeeCreated) durable:false, auto-delete:false, exclusive:false. It will be redeclared if the broker stops and is restarted while the connection factory is alive, but all messages will be lost.
2025-01-07 15:06:03 [http-nio-8080-exec-7] INFO  o.s.amqp.rabbit.core.RabbitAdmin - Auto-declaring a non-durable, auto-delete, or exclusive Queue (employeeUpdated) durable:false, auto-delete:false, exclusive:false. It will be redeclared if the broker stops and is restarted while the connection factory is alive, but all messages will be lost.
2025-01-07 15:06:03 [http-nio-8080-exec-7] INFO  o.s.amqp.rabbit.core.RabbitAdmin - Auto-declaring a non-durable, auto-delete, or exclusive Queue (employeeDeleted) durable:false, auto-delete:false, exclusive:false. It will be redeclared if the broker stops and is restarted while the connection factory is alive, but all messages will be lost.
2025-01-07 15:06:07 [http-nio-8080-exec-8] INFO  c.e.gateway.rest.EmployeeController - GET request for all employees
2025-01-07 15:06:11 [http-nio-8080-exec-1] INFO  c.e.gateway.rest.EmployeeController - POST request to create employee: EmployeeDto(id=null, name=John Doe, position=Developer, salary=70000, hireDate=2023-01-01)
2025-01-07 15:06:13 [http-nio-8080-exec-10] INFO  c.e.gateway.rest.EmployeeController - GET request for all employees
2025-01-07 15:06:21 [http-nio-8080-exec-2] INFO  c.e.gateway.rest.EmployeeController - DELETE request to delete employee with ID: 2
2025-01-07 15:06:24 [http-nio-8080-exec-3] INFO  c.e.gateway.rest.EmployeeController - GET request for employee with ID: 1
2025-01-07 15:06:27 [http-nio-8080-exec-5] INFO  c.e.gateway.rest.EmployeeController - GET request for all employees
